[2021-08-04 11:49:41]--[src_cgi/login_cgi.c:288]--buf = {
    "pwd": "12301230",
    "user": "sungs"
}

[2021-08-04 11:49:41]--[src_cgi/login_cgi.c:294]--user = sungs, pwd = 12301230
[2021-08-04 11:49:41]--[src_cgi/login_cgi.c:101]--mysql_user = root, mysql_pwd = 12301230, mysql_db = cloud_disk
[2021-08-04 11:49:41]--[src_cgi/login_cgi.c:161]--redis:[ip=10.211.55.11,port=6379]
[2021-08-04 11:49:41]--[src_cgi/login_cgi.c:185]--tmp = sungs14415191462
[2021-08-04 11:49:41]--[src_cgi/login_cgi.c:201]--base64 = URrebdnuQpmNQmPbMIuSwC0ZxLNK7pNJ
[2021-08-04 11:49:41]--[src_cgi/login_cgi.c:303]--token = e43f1ec455df55968d7df2754f464fc3
[2021-08-04 12:07:20]--[src_cgi/login_cgi.c:288]--buf = {
    "pwd": "12301230",
    "user": "sungs"
}

[2021-08-04 12:07:20]--[src_cgi/login_cgi.c:294]--user = sungs, pwd = 12301230
[2021-08-04 12:07:20]--[src_cgi/login_cgi.c:101]--mysql_user = root, mysql_pwd = 12301230, mysql_db = cloud_disk
[2021-08-04 12:07:20]--[src_cgi/login_cgi.c:107]--msql_conn err
[2021-08-04 12:07:28]--[src_cgi/login_cgi.c:288]--buf = {
    "pwd": "12301230",
    "user": "sungs"
}

[2021-08-04 12:07:28]--[src_cgi/login_cgi.c:294]--user = sungs, pwd = 12301230
[2021-08-04 12:07:28]--[src_cgi/login_cgi.c:101]--mysql_user = root, mysql_pwd = 12301230, mysql_db = cloud_disk
[2021-08-04 12:07:28]--[src_cgi/login_cgi.c:107]--msql_conn err
[2021-08-04 12:07:35]--[src_cgi/login_cgi.c:288]--buf = {
    "pwd": "12301230",
    "user": "sungs"
}

[2021-08-04 12:07:35]--[src_cgi/login_cgi.c:294]--user = sungs, pwd = 12301230
[2021-08-04 12:07:35]--[src_cgi/login_cgi.c:101]--mysql_user = root, mysql_pwd = 12301230, mysql_db = cloud_disk
[2021-08-04 12:07:35]--[src_cgi/login_cgi.c:107]--msql_conn err
[2021-08-04 12:07:44]--[src_cgi/login_cgi.c:288]--buf = {
    "pwd": "12301230",
    "user": "sungs"
}

[2021-08-04 12:07:44]--[src_cgi/login_cgi.c:294]--user = sungs, pwd = 12301230
[2021-08-04 12:07:44]--[src_cgi/login_cgi.c:101]--mysql_user = root, mysql_pwd = 12301230, mysql_db = cloud_disk
[2021-08-04 12:07:44]--[src_cgi/login_cgi.c:107]--msql_conn err
[2021-08-04 12:33:41]--[src_cgi/login_cgi.c:288]--buf = {
    "pwd": "12301230",
    "user": "sungs"
}

[2021-08-04 12:33:41]--[src_cgi/login_cgi.c:294]--user = sungs, pwd = 12301230
[2021-08-04 12:33:41]--[src_cgi/login_cgi.c:101]--mysql_user = root, mysql_pwd = 12301230, mysql_db = cloud_disk
[2021-08-04 12:33:41]--[src_cgi/login_cgi.c:107]--msql_conn err
[2021-08-04 12:34:04]--[src_cgi/login_cgi.c:288]--buf = {
    "pwd": "12301230",
    "user": "sungs"
}

[2021-08-04 12:34:04]--[src_cgi/login_cgi.c:294]--user = sungs, pwd = 12301230
[2021-08-04 12:34:04]--[src_cgi/login_cgi.c:101]--mysql_user = root, mysql_pwd = 12301230, mysql_db = cloud_disk
[2021-08-04 12:34:04]--[src_cgi/login_cgi.c:107]--msql_conn err
[2021-08-04 12:34:07]--[src_cgi/login_cgi.c:288]--buf = {
    "pwd": "12301230",
    "user": "sungs"
}

[2021-08-04 12:34:07]--[src_cgi/login_cgi.c:294]--user = sungs, pwd = 12301230
[2021-08-04 12:34:07]--[src_cgi/login_cgi.c:101]--mysql_user = root, mysql_pwd = 12301230, mysql_db = cloud_disk
[2021-08-04 12:34:07]--[src_cgi/login_cgi.c:107]--msql_conn err
[2021-08-04 12:34:12]--[src_cgi/login_cgi.c:288]--buf = {
    "pwd": "12301230",
    "user": "sungs"
}

[2021-08-04 12:34:12]--[src_cgi/login_cgi.c:294]--user = sungs, pwd = 12301230
[2021-08-04 12:34:12]--[src_cgi/login_cgi.c:101]--mysql_user = root, mysql_pwd = 12301230, mysql_db = cloud_disk
[2021-08-04 12:34:12]--[src_cgi/login_cgi.c:107]--msql_conn err
[2021-08-04 12:34:58]--[src_cgi/login_cgi.c:288]--buf = {
    "pwd": "12301230",
    "user": "sungs"
}

[2021-08-04 12:34:58]--[src_cgi/login_cgi.c:294]--user = sungs, pwd = 12301230
[2021-08-04 12:34:58]--[src_cgi/login_cgi.c:101]--mysql_user = root, mysql_pwd = 12301230, mysql_db = cloud_disk
[2021-08-04 12:34:58]--[src_cgi/login_cgi.c:161]--redis:[ip=10.211.55.11,port=6379]
[2021-08-04 12:34:58]--[src_cgi/login_cgi.c:185]--tmp = sungs411711286590
[2021-08-04 12:34:58]--[src_cgi/login_cgi.c:201]--base64 = /NQVyDfqc4HfSmJPDJa+rLN71Jkkp7xg
[2021-08-04 12:34:58]--[src_cgi/login_cgi.c:303]--token = 639616dc6da120280aa061f7c65e40a8
[2021-08-04 12:36:28]--[src_cgi/login_cgi.c:288]--buf = {
    "pwd": "12301230",
    "user": "sungs"
}

[2021-08-04 12:36:28]--[src_cgi/login_cgi.c:294]--user = sungs, pwd = 12301230
[2021-08-04 12:36:28]--[src_cgi/login_cgi.c:101]--mysql_user = root, mysql_pwd = 12301230, mysql_db = cloud_disk
[2021-08-04 12:36:28]--[src_cgi/login_cgi.c:161]--redis:[ip=10.211.55.11,port=6379]
[2021-08-04 12:36:28]--[src_cgi/login_cgi.c:185]--tmp = sungs74532721588
[2021-08-04 12:36:28]--[src_cgi/login_cgi.c:201]--base64 = +DQC9WJ+sP2DA3jHKFQKKi0ZxLNK7pNJ
[2021-08-04 12:36:28]--[src_cgi/login_cgi.c:303]--token = 1af4c35655e06ef3d0b98fe1626f8610
