[2021-08-03 02:01:38]--[src_cgi/login_cgi.c:288]--buf = {
    "pwd": "12301230",
    "user": "sungs"
}

[2021-08-03 02:01:38]--[src_cgi/login_cgi.c:294]--user = sungs, pwd = 12301230
[2021-08-03 02:01:38]--[src_cgi/login_cgi.c:101]--mysql_user = root, mysql_pwd = 12301230, mysql_db = cloud_disk
[2021-08-03 02:01:38]--[src_cgi/login_cgi.c:161]--redis:[ip=10.211.55.11,port=6379]
[2021-08-03 02:01:38]--[src_cgi/login_cgi.c:185]--tmp = sungs496699714245
[2021-08-03 02:01:38]--[src_cgi/login_cgi.c:201]--base64 = 9GAW2m7oNEWrBCwwH7cUkG+Ut+5trQL2
[2021-08-03 02:01:38]--[src_cgi/login_cgi.c:303]--token = 712f03417677c820b2f4216d9520a839
[2021-08-03 02:07:46]--[src_cgi/login_cgi.c:288]--buf = {
    "pwd": "12301230",
    "user": "sungs"
}

[2021-08-03 02:07:46]--[src_cgi/login_cgi.c:294]--user = sungs, pwd = 12301230
[2021-08-03 02:07:46]--[src_cgi/login_cgi.c:101]--mysql_user = root, mysql_pwd = 12301230, mysql_db = cloud_disk
[2021-08-03 02:07:46]--[src_cgi/login_cgi.c:161]--redis:[ip=10.211.55.11,port=6379]
[2021-08-03 02:07:46]--[src_cgi/login_cgi.c:185]--tmp = sungs34157827696
[2021-08-03 02:07:46]--[src_cgi/login_cgi.c:201]--base64 = TdvFBldKPYgzmzckl0l/ui0ZxLNK7pNJ
[2021-08-03 02:07:46]--[src_cgi/login_cgi.c:303]--token = 25878a7bb4298e0321358ca959dbc37a
[2021-08-03 02:12:35]--[src_cgi/login_cgi.c:288]--buf = {
    "pwd": "12301230",
    "user": "sungs"
}

[2021-08-03 02:12:35]--[src_cgi/login_cgi.c:294]--user = sungs, pwd = 12301230
[2021-08-03 02:12:35]--[src_cgi/login_cgi.c:101]--mysql_user = root, mysql_pwd = 12301230, mysql_db = cloud_disk
[2021-08-03 02:12:35]--[src_cgi/login_cgi.c:161]--redis:[ip=10.211.55.11,port=6379]
[2021-08-03 02:12:35]--[src_cgi/login_cgi.c:185]--tmp = sungs530320412342
[2021-08-03 02:12:35]--[src_cgi/login_cgi.c:201]--base64 = GXIu/JFHerbSi0CVbNftznj7pjZQFtzO
[2021-08-03 02:12:35]--[src_cgi/login_cgi.c:303]--token = e3deb7f28faa2e3056d54e0147643da4
[2021-08-03 02:15:34]--[src_cgi/login_cgi.c:288]--buf = {
    "pwd": "12301230",
    "user": "sungs"
}

[2021-08-03 02:15:34]--[src_cgi/login_cgi.c:294]--user = sungs, pwd = 12301230
[2021-08-03 02:15:34]--[src_cgi/login_cgi.c:101]--mysql_user = root, mysql_pwd = 12301230, mysql_db = cloud_disk
[2021-08-03 02:15:34]--[src_cgi/login_cgi.c:161]--redis:[ip=10.211.55.11,port=6379]
[2021-08-03 02:15:34]--[src_cgi/login_cgi.c:185]--tmp = sungs657248940384
[2021-08-03 02:15:34]--[src_cgi/login_cgi.c:201]--base64 = IqWAZptCJ+MURHBLocspPp+HwxKUAZ0k
[2021-08-03 02:15:34]--[src_cgi/login_cgi.c:303]--token = e1b68bba26f096bf4244da475a18d98c
[2021-08-03 02:21:42]--[src_cgi/login_cgi.c:288]--buf = {
    "pwd": "12301230",
    "user": "sungs"
}

[2021-08-03 02:21:42]--[src_cgi/login_cgi.c:294]--user = sungs, pwd = 12301230
[2021-08-03 02:21:42]--[src_cgi/login_cgi.c:101]--mysql_user = root, mysql_pwd = 12301230, mysql_db = cloud_disk
[2021-08-03 02:21:42]--[src_cgi/login_cgi.c:161]--redis:[ip=10.211.55.11,port=6379]
[2021-08-03 02:21:42]--[src_cgi/login_cgi.c:185]--tmp = sungs372826658383
[2021-08-03 02:21:42]--[src_cgi/login_cgi.c:201]--base64 = UcLDmeMElT4+Fy+pNadwi67DEUAkWTSv
[2021-08-03 02:21:42]--[src_cgi/login_cgi.c:303]--token = 4c92d2f81468baf61491dd5e7be3b828
[2021-08-03 12:18:51]--[src_cgi/login_cgi.c:288]--buf = {
    "pwd": "12301230",
    "user": "sungs"
}

[2021-08-03 12:18:51]--[src_cgi/login_cgi.c:294]--user = sungs, pwd = 12301230
[2021-08-03 12:18:51]--[src_cgi/login_cgi.c:101]--mysql_user = root, mysql_pwd = 12301230, mysql_db = cloud_disk
[2021-08-03 12:18:51]--[src_cgi/login_cgi.c:161]--redis:[ip=10.211.55.11,port=6379]
[2021-08-03 12:18:51]--[src_cgi/login_cgi.c:185]--tmp = sungs610493114784
[2021-08-03 12:18:51]--[src_cgi/login_cgi.c:201]--base64 = 1sydNMp9gM3tGohkm9j8gp+HwxKUAZ0k
[2021-08-03 12:18:51]--[src_cgi/login_cgi.c:303]--token = 68fba72a372d4f85d83f3aa9face44f0
[2021-08-03 12:20:24]--[src_cgi/login_cgi.c:288]--buf = {
    "pwd": "12301230",
    "user": "sungs"
}

[2021-08-03 12:20:24]--[src_cgi/login_cgi.c:294]--user = sungs, pwd = 12301230
[2021-08-03 12:20:24]--[src_cgi/login_cgi.c:101]--mysql_user = root, mysql_pwd = 12301230, mysql_db = cloud_disk
[2021-08-03 12:20:24]--[src_cgi/login_cgi.c:161]--redis:[ip=10.211.55.11,port=6379]
[2021-08-03 12:20:24]--[src_cgi/login_cgi.c:185]--tmp = sungs68894815552
[2021-08-03 12:20:24]--[src_cgi/login_cgi.c:201]--base64 = HCSB54Q54dhPSPjFCg9o7S0ZxLNK7pNJ
[2021-08-03 12:20:24]--[src_cgi/login_cgi.c:303]--token = cb45d37da6f10e91b1077943f577c6d3
[2021-08-03 13:00:34]--[src_cgi/login_cgi.c:288]--buf = {
    "pwd": "12301230",
    "user": "sungs"
}

[2021-08-03 13:00:34]--[src_cgi/login_cgi.c:294]--user = sungs, pwd = 12301230
[2021-08-03 13:00:34]--[src_cgi/login_cgi.c:101]--mysql_user = root, mysql_pwd = 12301230, mysql_db = cloud_disk
[2021-08-03 13:00:34]--[src_cgi/login_cgi.c:161]--redis:[ip=10.211.55.11,port=6379]
[2021-08-03 13:00:34]--[src_cgi/login_cgi.c:185]--tmp = sungs204859135827
[2021-08-03 13:00:34]--[src_cgi/login_cgi.c:201]--base64 = 00jrwKtWW/KH0s8Ykh7oT/UujTBmz0dF
[2021-08-03 13:00:34]--[src_cgi/login_cgi.c:303]--token = dd49fda4f908d82707c2182723a5760c
[2021-08-03 13:01:08]--[src_cgi/login_cgi.c:288]--buf = {
    "pwd": "12301230",
    "user": "sungs"
}

[2021-08-03 13:01:08]--[src_cgi/login_cgi.c:294]--user = sungs, pwd = 12301230
[2021-08-03 13:01:08]--[src_cgi/login_cgi.c:101]--mysql_user = root, mysql_pwd = 12301230, mysql_db = cloud_disk
[2021-08-03 13:01:08]--[src_cgi/login_cgi.c:161]--redis:[ip=10.211.55.11,port=6379]
[2021-08-03 13:01:08]--[src_cgi/login_cgi.c:185]--tmp = sungs55158525728
[2021-08-03 13:01:08]--[src_cgi/login_cgi.c:201]--base64 = HoPM63H52ptL3fhxnHr09S0ZxLNK7pNJ
[2021-08-03 13:01:08]--[src_cgi/login_cgi.c:303]--token = 0e598b4a1df63075731ceeaaa9a2e406
[2021-08-03 13:03:27]--[src_cgi/login_cgi.c:288]--buf = {
    "pwd": "12301230",
    "user": "sungs"
}

[2021-08-03 13:03:27]--[src_cgi/login_cgi.c:294]--user = sungs, pwd = 12301230
[2021-08-03 13:03:27]--[src_cgi/login_cgi.c:101]--mysql_user = root, mysql_pwd = 12301230, mysql_db = cloud_disk
[2021-08-03 13:03:27]--[src_cgi/login_cgi.c:161]--redis:[ip=10.211.55.11,port=6379]
[2021-08-03 13:03:27]--[src_cgi/login_cgi.c:185]--tmp = sungs65270854515
[2021-08-03 13:03:27]--[src_cgi/login_cgi.c:201]--base64 = H3a5MRhk7OgXna+oJccmky0ZxLNK7pNJ
[2021-08-03 13:03:27]--[src_cgi/login_cgi.c:303]--token = d786955cc1373926d1e80ed4b74f40b9
[2021-08-03 13:03:59]--[src_cgi/login_cgi.c:288]--buf = {
    "pwd": "12301230",
    "user": "sungs"
}

[2021-08-03 13:03:59]--[src_cgi/login_cgi.c:294]--user = sungs, pwd = 12301230
[2021-08-03 13:03:59]--[src_cgi/login_cgi.c:101]--mysql_user = root, mysql_pwd = 12301230, mysql_db = cloud_disk
[2021-08-03 13:03:59]--[src_cgi/login_cgi.c:161]--redis:[ip=10.211.55.11,port=6379]
[2021-08-03 13:03:59]--[src_cgi/login_cgi.c:185]--tmp = sungs77363265123
[2021-08-03 13:03:59]--[src_cgi/login_cgi.c:201]--base64 = 4LeOJmxeq2LhRd7o7yBePC0ZxLNK7pNJ
[2021-08-03 13:03:59]--[src_cgi/login_cgi.c:303]--token = 9e365a8d77a75743fc300a656783cc92
[2021-08-03 16:25:24]--[src_cgi/login_cgi.c:288]--buf = {
    "pwd": "12301230",
    "user": "sungs"
}

[2021-08-03 16:25:24]--[src_cgi/login_cgi.c:294]--user = sungs, pwd = 12301230
[2021-08-03 16:25:24]--[src_cgi/login_cgi.c:101]--mysql_user = root, mysql_pwd = 12301230, mysql_db = cloud_disk
[2021-08-03 16:25:24]--[src_cgi/login_cgi.c:161]--redis:[ip=10.211.55.11,port=6379]
[2021-08-03 16:25:24]--[src_cgi/login_cgi.c:185]--tmp = sungs606489849287
[2021-08-03 16:25:24]--[src_cgi/login_cgi.c:201]--base64 = 1aYaKuxKuNu01ZrM1vwD0/UujTBmz0dF
[2021-08-03 16:25:24]--[src_cgi/login_cgi.c:303]--token = cb5389e7105ef921a27087a216987fc2
[2021-08-03 16:29:52]--[src_cgi/login_cgi.c:288]--buf = {
    "pwd": "12301230",
    "user": "sungs"
}

[2021-08-03 16:29:52]--[src_cgi/login_cgi.c:294]--user = sungs, pwd = 12301230
[2021-08-03 16:29:52]--[src_cgi/login_cgi.c:101]--mysql_user = root, mysql_pwd = 12301230, mysql_db = cloud_disk
[2021-08-03 16:29:52]--[src_cgi/login_cgi.c:161]--redis:[ip=10.211.55.11,port=6379]
[2021-08-03 16:29:52]--[src_cgi/login_cgi.c:185]--tmp = sungs83943648449
[2021-08-03 16:29:52]--[src_cgi/login_cgi.c:201]--base64 = MDvz4vJASzavcRxs5MiulC0ZxLNK7pNJ
[2021-08-03 16:29:52]--[src_cgi/login_cgi.c:303]--token = c22ea6de4aa6b90e1a441370fe744b40
[2021-08-03 16:31:59]--[src_cgi/login_cgi.c:288]--buf = {
    "pwd": "12301230",
    "user": "sungs"
}

[2021-08-03 16:31:59]--[src_cgi/login_cgi.c:294]--user = sungs, pwd = 12301230
[2021-08-03 16:31:59]--[src_cgi/login_cgi.c:101]--mysql_user = root, mysql_pwd = 12301230, mysql_db = cloud_disk
[2021-08-03 16:31:59]--[src_cgi/login_cgi.c:161]--redis:[ip=10.211.55.11,port=6379]
[2021-08-03 16:31:59]--[src_cgi/login_cgi.c:185]--tmp = sungs765213331772
[2021-08-03 16:31:59]--[src_cgi/login_cgi.c:201]--base64 = GDxYPHy5rcXFdXJdFIvkF3j7pjZQFtzO
[2021-08-03 16:31:59]--[src_cgi/login_cgi.c:303]--token = 77511b2f9579f6badb50bb8ce12cf8fe
[2021-08-03 17:06:52]--[src_cgi/login_cgi.c:288]--buf = {
    "pwd": "12301230",
    "user": "sungs"
}

[2021-08-03 17:06:52]--[src_cgi/login_cgi.c:294]--user = sungs, pwd = 12301230
[2021-08-03 17:06:52]--[src_cgi/login_cgi.c:101]--mysql_user = root, mysql_pwd = 12301230, mysql_db = cloud_disk
[2021-08-03 17:06:52]--[src_cgi/login_cgi.c:161]--redis:[ip=10.211.55.11,port=6379]
[2021-08-03 17:06:52]--[src_cgi/login_cgi.c:185]--tmp = sungs184666590197
[2021-08-03 17:06:52]--[src_cgi/login_cgi.c:201]--base64 = 6Inta4DSk7hfytH7ctTaQ/UujTBmz0dF
[2021-08-03 17:06:52]--[src_cgi/login_cgi.c:303]--token = 153b3772ce0133fc4d0f2aed48df9cdf
[2021-08-03 17:08:57]--[src_cgi/login_cgi.c:288]--buf = {
    "pwd": "12301230",
    "user": "sungs"
}

[2021-08-03 17:08:57]--[src_cgi/login_cgi.c:294]--user = sungs, pwd = 12301230
[2021-08-03 17:08:57]--[src_cgi/login_cgi.c:101]--mysql_user = root, mysql_pwd = 12301230, mysql_db = cloud_disk
[2021-08-03 17:08:57]--[src_cgi/login_cgi.c:161]--redis:[ip=10.211.55.11,port=6379]
[2021-08-03 17:08:57]--[src_cgi/login_cgi.c:185]--tmp = sungs247863172227
[2021-08-03 17:08:57]--[src_cgi/login_cgi.c:201]--base64 = r9l1KL/DMxYR0+eXx+QV/fUujTBmz0dF
[2021-08-03 17:08:57]--[src_cgi/login_cgi.c:303]--token = 6dfdb7258b9f99640b8c83ff205ed9db
[2021-08-03 17:23:52]--[src_cgi/login_cgi.c:288]--buf = {
    "pwd": "12301230",
    "user": "sungs"
}

[2021-08-03 17:23:52]--[src_cgi/login_cgi.c:294]--user = sungs, pwd = 12301230
[2021-08-03 17:23:52]--[src_cgi/login_cgi.c:101]--mysql_user = root, mysql_pwd = 12301230, mysql_db = cloud_disk
[2021-08-03 17:23:52]--[src_cgi/login_cgi.c:161]--redis:[ip=10.211.55.11,port=6379]
[2021-08-03 17:23:52]--[src_cgi/login_cgi.c:185]--tmp = sungs527511146658
[2021-08-03 17:23:52]--[src_cgi/login_cgi.c:201]--base64 = ZOFC7lcB7jbqGn/Y8vkRz1SLR+LwC1FL
[2021-08-03 17:23:52]--[src_cgi/login_cgi.c:303]--token = 3912d37f9b73dd91e8bd525c0ad6bb1d
[2021-08-03 17:30:22]--[src_cgi/login_cgi.c:288]--buf = {
    "pwd": "12301230",
    "user": "sungs"
}

[2021-08-03 17:30:22]--[src_cgi/login_cgi.c:294]--user = sungs, pwd = 12301230
[2021-08-03 17:30:22]--[src_cgi/login_cgi.c:101]--mysql_user = root, mysql_pwd = 12301230, mysql_db = cloud_disk
[2021-08-03 17:30:22]--[src_cgi/login_cgi.c:161]--redis:[ip=10.211.55.11,port=6379]
[2021-08-03 17:30:22]--[src_cgi/login_cgi.c:185]--tmp = sungs341804413650
[2021-08-03 17:30:22]--[src_cgi/login_cgi.c:201]--base64 = TdvFBldKPYhS/j9nzBD+M7N71Jkkp7xg
[2021-08-03 17:30:22]--[src_cgi/login_cgi.c:303]--token = bc37afe9bbff8300aa82fe7b28295772
[2021-08-03 17:31:51]--[src_cgi/login_cgi.c:288]--buf = {
    "pwd": "12301230",
    "user": "sungs"
}

[2021-08-03 17:31:51]--[src_cgi/login_cgi.c:294]--user = sungs, pwd = 12301230
[2021-08-03 17:31:51]--[src_cgi/login_cgi.c:101]--mysql_user = root, mysql_pwd = 12301230, mysql_db = cloud_disk
[2021-08-03 17:31:51]--[src_cgi/login_cgi.c:161]--redis:[ip=10.211.55.11,port=6379]
[2021-08-03 17:31:51]--[src_cgi/login_cgi.c:185]--tmp = sungs491826119506
[2021-08-03 17:31:51]--[src_cgi/login_cgi.c:201]--base64 = BFdN6jU1afh4flIMMLwA4ewb1egIr+tu
[2021-08-03 17:31:51]--[src_cgi/login_cgi.c:303]--token = e52e816197a144ff8080f7404bd40748
[2021-08-03 17:40:26]--[src_cgi/login_cgi.c:288]--buf = {
    "pwd": "12301230",
    "user": "sungs"
}

[2021-08-03 17:40:26]--[src_cgi/login_cgi.c:294]--user = sungs, pwd = 12301230
[2021-08-03 17:40:26]--[src_cgi/login_cgi.c:101]--mysql_user = root, mysql_pwd = 12301230, mysql_db = cloud_disk
[2021-08-03 17:40:26]--[src_cgi/login_cgi.c:161]--redis:[ip=10.211.55.11,port=6379]
[2021-08-03 17:40:26]--[src_cgi/login_cgi.c:185]--tmp = sungs98640510213
[2021-08-03 17:40:26]--[src_cgi/login_cgi.c:201]--base64 = 1ighsPvvLmG/dpcuoJ98rS0ZxLNK7pNJ
[2021-08-03 17:40:26]--[src_cgi/login_cgi.c:303]--token = a28a994a3b865d59507cb2d934c7d0d3
[2021-08-03 17:41:10]--[src_cgi/login_cgi.c:288]--buf = {
    "pwd": "12301230",
    "user": "sungs"
}

[2021-08-03 17:41:10]--[src_cgi/login_cgi.c:294]--user = sungs, pwd = 12301230
[2021-08-03 17:41:10]--[src_cgi/login_cgi.c:101]--mysql_user = root, mysql_pwd = 12301230, mysql_db = cloud_disk
[2021-08-03 17:41:10]--[src_cgi/login_cgi.c:161]--redis:[ip=10.211.55.11,port=6379]
[2021-08-03 17:41:10]--[src_cgi/login_cgi.c:185]--tmp = sungs685324366288
[2021-08-03 17:41:10]--[src_cgi/login_cgi.c:201]--base64 = x1OpSh8wJpBV1gcuLOVJ3lSLR+LwC1FL
[2021-08-03 17:41:10]--[src_cgi/login_cgi.c:303]--token = 811ca7d8cfdd76cb18039e4302451398
[2021-08-03 17:43:04]--[src_cgi/login_cgi.c:288]--buf = {
    "pwd": "12301230",
    "user": "sungs"
}

[2021-08-03 17:43:04]--[src_cgi/login_cgi.c:294]--user = sungs, pwd = 12301230
[2021-08-03 17:43:04]--[src_cgi/login_cgi.c:101]--mysql_user = root, mysql_pwd = 12301230, mysql_db = cloud_disk
[2021-08-03 17:43:04]--[src_cgi/login_cgi.c:161]--redis:[ip=10.211.55.11,port=6379]
[2021-08-03 17:43:04]--[src_cgi/login_cgi.c:185]--tmp = sungs400658469513
[2021-08-03 17:43:04]--[src_cgi/login_cgi.c:201]--base64 = eeAlCasDUDhpWvG2CJ8aAq7DEUAkWTSv
[2021-08-03 17:43:04]--[src_cgi/login_cgi.c:303]--token = e5af6a24cb7a6cca831c568e4f8f7b03
[2021-08-03 17:44:13]--[src_cgi/login_cgi.c:288]--buf = {
    "pwd": "12301230",
    "user": "sungs"
}

[2021-08-03 17:44:13]--[src_cgi/login_cgi.c:294]--user = sungs, pwd = 12301230
[2021-08-03 17:44:13]--[src_cgi/login_cgi.c:101]--mysql_user = root, mysql_pwd = 12301230, mysql_db = cloud_disk
[2021-08-03 17:44:13]--[src_cgi/login_cgi.c:161]--redis:[ip=10.211.55.11,port=6379]
[2021-08-03 17:44:13]--[src_cgi/login_cgi.c:185]--tmp = sungs853262643189
[2021-08-03 17:44:13]--[src_cgi/login_cgi.c:201]--base64 = zHXRroAx36rW9o+UmjPIuFzqyK7PQug1
[2021-08-03 17:44:13]--[src_cgi/login_cgi.c:303]--token = 38d8157ed3eb25683d3cb88eb0884a3c
[2021-08-03 17:49:17]--[src_cgi/login_cgi.c:288]--buf = {
    "pwd": "12301230",
    "user": "sungs"
}

[2021-08-03 17:49:17]--[src_cgi/login_cgi.c:294]--user = sungs, pwd = 12301230
[2021-08-03 17:49:17]--[src_cgi/login_cgi.c:101]--mysql_user = root, mysql_pwd = 12301230, mysql_db = cloud_disk
[2021-08-03 17:49:17]--[src_cgi/login_cgi.c:161]--redis:[ip=10.211.55.11,port=6379]
[2021-08-03 17:49:17]--[src_cgi/login_cgi.c:185]--tmp = sungs915940550688
[2021-08-03 17:49:17]--[src_cgi/login_cgi.c:201]--base64 = uNEV+ImGzf+9/MrwYo5U8FSLR+LwC1FL
[2021-08-03 17:49:17]--[src_cgi/login_cgi.c:303]--token = 4c5e8f4dd69797c932903ab5fc92bb4b
[2021-08-03 17:49:26]--[src_cgi/login_cgi.c:288]--buf = {
    "pwd": "12301230",
    "user": "sungs"
}

[2021-08-03 17:49:26]--[src_cgi/login_cgi.c:294]--user = sungs, pwd = 12301230
[2021-08-03 17:49:26]--[src_cgi/login_cgi.c:101]--mysql_user = root, mysql_pwd = 12301230, mysql_db = cloud_disk
[2021-08-03 17:49:26]--[src_cgi/login_cgi.c:161]--redis:[ip=10.211.55.11,port=6379]
[2021-08-03 17:49:26]--[src_cgi/login_cgi.c:185]--tmp = sungs8415213600
[2021-08-03 17:49:26]--[src_cgi/login_cgi.c:201]--base64 = Y1avaWETUunh7fd4CdZW/g==
[2021-08-03 17:49:26]--[src_cgi/login_cgi.c:303]--token = ec8c6125602b2e2fdc5a90e52b76bfa0
