[2021-08-04 11:49:43]--[src_cgi/myfiles_cgi.c:500]--cmd = count
[2021-08-04 11:49:43]--[src_cgi/myfiles_cgi.c:532]--buf = {
    "token": "e43f1ec455df55968d7df2754f464fc3",
    "user": "sungs"
}

[2021-08-04 11:49:43]--[src_cgi/myfiles_cgi.c:177]--line = 3
[2021-08-04 11:49:43]--[src_cgi/myfiles_cgi.c:500]--cmd = Normal
[2021-08-04 11:49:43]--[src_cgi/myfiles_cgi.c:532]--buf = {
    "count": 3,
    "start": 0,
    "token": "e43f1ec455df55968d7df2754f464fc3",
    "user": "sungs"
}

[2021-08-04 11:49:43]--[src_cgi/myfiles_cgi.c:552]--user = sungs, token = e43f1ec455df55968d7df2754f464fc3, start = 0, count = 3
[2021-08-04 11:49:43]--[src_cgi/myfiles_cgi.c:309]--select user_file_list.*, file_info.url, file_info.size, file_info.type from file_info, user_file_list where user = 'sungs' and file_info.md5 = user_file_list.md5 limit 0, 3 在操作
[2021-08-04 11:49:43]--[src_cgi/myfiles_cgi.c:432]--{
	"files":	[{
			"user":	"sungs",
			"md5":	"e8c3baa9689022e822bb31b0eab8dd17",
			"time":	"2021-08-03 17:49:36",
			"filename":	"202107162119 (1).mp4",
			"share_status":	1,
			"pv":	0,
			"url":	"http://10.211.55.11:80/group1/M00/00/00/CtM3C2EJETCAIKw2ACQJK66pcr4162.mp4",
			"size":	2361643,
			"type":	"mp4"
		}, {
			"user":	"sungs",
			"md5":	"aa306610b46b7d0216c24caa0eba6f8d",
			"time":	"2021-08-03 17:49:38",
			"filename":	"202107162119.mp4",
			"share_status":	1,
			"pv":	0,
			"url":	"http://10.211.55.11:80/group1/M00/00/00/CtM3C2EJETKAEew6Ad0A2y5S988436.mp4",
			"size":	31260891,
			"type":	"mp4"
		}, {
			"user":	"sungs",
			"md5":	"70775ee153aa8dc060fbe98a750a8c38",
			"time":	"2021-08-03 17:49:38",
			"filename":	"1623751662547036.mp4",
			"share_status":	0,
			"pv":	0,
			"url":	"http://10.211.55.11:80/group1/M00/00/00/CtM3C2EJETKAR8MfAI5SWWFe6ms063.mp4",
			"size":	9327193,
			"type":	"mp4"
		}]
}
[2021-08-04 11:50:26]--[src_cgi/myfiles_cgi.c:500]--cmd = count
[2021-08-04 11:50:26]--[src_cgi/myfiles_cgi.c:532]--buf = {
    "token": "e43f1ec455df55968d7df2754f464fc3",
    "user": "sungs"
}

[2021-08-04 11:50:26]--[src_cgi/myfiles_cgi.c:177]--line = 3
[2021-08-04 11:50:26]--[src_cgi/myfiles_cgi.c:500]--cmd = Normal
[2021-08-04 11:50:26]--[src_cgi/myfiles_cgi.c:532]--buf = {
    "count": 3,
    "start": 0,
    "token": "e43f1ec455df55968d7df2754f464fc3",
    "user": "sungs"
}

[2021-08-04 11:50:26]--[src_cgi/myfiles_cgi.c:552]--user = sungs, token = e43f1ec455df55968d7df2754f464fc3, start = 0, count = 3
[2021-08-04 11:50:26]--[src_cgi/myfiles_cgi.c:309]--select user_file_list.*, file_info.url, file_info.size, file_info.type from file_info, user_file_list where user = 'sungs' and file_info.md5 = user_file_list.md5 limit 0, 3 在操作
[2021-08-04 11:50:26]--[src_cgi/myfiles_cgi.c:432]--{
	"files":	[{
			"user":	"sungs",
			"md5":	"e8c3baa9689022e822bb31b0eab8dd17",
			"time":	"2021-08-03 17:49:36",
			"filename":	"202107162119 (1).mp4",
			"share_status":	1,
			"pv":	0,
			"url":	"http://10.211.55.11:80/group1/M00/00/00/CtM3C2EJETCAIKw2ACQJK66pcr4162.mp4",
			"size":	2361643,
			"type":	"mp4"
		}, {
			"user":	"sungs",
			"md5":	"aa306610b46b7d0216c24caa0eba6f8d",
			"time":	"2021-08-03 17:49:38",
			"filename":	"202107162119.mp4",
			"share_status":	1,
			"pv":	0,
			"url":	"http://10.211.55.11:80/group1/M00/00/00/CtM3C2EJETKAEew6Ad0A2y5S988436.mp4",
			"size":	31260891,
			"type":	"mp4"
		}, {
			"user":	"sungs",
			"md5":	"70775ee153aa8dc060fbe98a750a8c38",
			"time":	"2021-08-03 17:49:38",
			"filename":	"1623751662547036.mp4",
			"share_status":	0,
			"pv":	0,
			"url":	"http://10.211.55.11:80/group1/M00/00/00/CtM3C2EJETKAR8MfAI5SWWFe6ms063.mp4",
			"size":	9327193,
			"type":	"mp4"
		}]
}
[2021-08-04 12:33:33]--[src_cgi/myfiles_cgi.c:41]--mysql:[user=root,pwd=12301230,database=cloud_disk][2021-08-04 12:34:59]--[src_cgi/myfiles_cgi.c:500]--cmd = count
[2021-08-04 12:34:59]--[src_cgi/myfiles_cgi.c:532]--buf = {
    "token": "639616dc6da120280aa061f7c65e40a8",
    "user": "sungs"
}

[2021-08-04 12:34:59]--[src_cgi/myfiles_cgi.c:177]--line = 3
[2021-08-04 12:34:59]--[src_cgi/myfiles_cgi.c:500]--cmd = Normal
[2021-08-04 12:34:59]--[src_cgi/myfiles_cgi.c:532]--buf = {
    "count": 3,
    "start": 0,
    "token": "639616dc6da120280aa061f7c65e40a8",
    "user": "sungs"
}

[2021-08-04 12:34:59]--[src_cgi/myfiles_cgi.c:552]--user = sungs, token = 639616dc6da120280aa061f7c65e40a8, start = 0, count = 3
[2021-08-04 12:34:59]--[src_cgi/myfiles_cgi.c:309]--select user_file_list.*, file_info.url, file_info.size, file_info.type from file_info, user_file_list where user = 'sungs' and file_info.md5 = user_file_list.md5 limit 0, 3 在操作
[2021-08-04 12:34:59]--[src_cgi/myfiles_cgi.c:432]--{
	"files":	[{
			"user":	"sungs",
			"md5":	"e8c3baa9689022e822bb31b0eab8dd17",
			"time":	"2021-08-03 17:49:36",
			"filename":	"202107162119 (1).mp4",
			"share_status":	1,
			"pv":	0,
			"url":	"http://10.211.55.11:80/group1/M00/00/00/CtM3C2EJETCAIKw2ACQJK66pcr4162.mp4",
			"size":	2361643,
			"type":	"mp4"
		}, {
			"user":	"sungs",
			"md5":	"aa306610b46b7d0216c24caa0eba6f8d",
			"time":	"2021-08-03 17:49:38",
			"filename":	"202107162119.mp4",
			"share_status":	1,
			"pv":	0,
			"url":	"http://10.211.55.11:80/group1/M00/00/00/CtM3C2EJETKAEew6Ad0A2y5S988436.mp4",
			"size":	31260891,
			"type":	"mp4"
		}, {
			"user":	"sungs",
			"md5":	"70775ee153aa8dc060fbe98a750a8c38",
			"time":	"2021-08-03 17:49:38",
			"filename":	"1623751662547036.mp4",
			"share_status":	0,
			"pv":	0,
			"url":	"http://10.211.55.11:80/group1/M00/00/00/CtM3C2EJETKAR8MfAI5SWWFe6ms063.mp4",
			"size":	9327193,
			"type":	"mp4"
		}]
}
[2021-08-04 12:35:16]--[src_cgi/myfiles_cgi.c:500]--cmd = count
[2021-08-04 12:35:16]--[src_cgi/myfiles_cgi.c:532]--buf = {
    "token": "639616dc6da120280aa061f7c65e40a8",
    "user": "sungs"
}

[2021-08-04 12:35:16]--[src_cgi/myfiles_cgi.c:177]--line = 3
[2021-08-04 12:35:16]--[src_cgi/myfiles_cgi.c:500]--cmd = Normal
[2021-08-04 12:35:16]--[src_cgi/myfiles_cgi.c:532]--buf = {
    "count": 3,
    "start": 0,
    "token": "639616dc6da120280aa061f7c65e40a8",
    "user": "sungs"
}

[2021-08-04 12:35:16]--[src_cgi/myfiles_cgi.c:552]--user = sungs, token = 639616dc6da120280aa061f7c65e40a8, start = 0, count = 3
[2021-08-04 12:35:16]--[src_cgi/myfiles_cgi.c:309]--select user_file_list.*, file_info.url, file_info.size, file_info.type from file_info, user_file_list where user = 'sungs' and file_info.md5 = user_file_list.md5 limit 0, 3 在操作
[2021-08-04 12:35:16]--[src_cgi/myfiles_cgi.c:432]--{
	"files":	[{
			"user":	"sungs",
			"md5":	"e8c3baa9689022e822bb31b0eab8dd17",
			"time":	"2021-08-03 17:49:36",
			"filename":	"202107162119 (1).mp4",
			"share_status":	1,
			"pv":	0,
			"url":	"http://10.211.55.11:80/group1/M00/00/00/CtM3C2EJETCAIKw2ACQJK66pcr4162.mp4",
			"size":	2361643,
			"type":	"mp4"
		}, {
			"user":	"sungs",
			"md5":	"aa306610b46b7d0216c24caa0eba6f8d",
			"time":	"2021-08-03 17:49:38",
			"filename":	"202107162119.mp4",
			"share_status":	1,
			"pv":	0,
			"url":	"http://10.211.55.11:80/group1/M00/00/00/CtM3C2EJETKAEew6Ad0A2y5S988436.mp4",
			"size":	31260891,
			"type":	"mp4"
		}, {
			"user":	"sungs",
			"md5":	"70775ee153aa8dc060fbe98a750a8c38",
			"time":	"2021-08-03 17:49:38",
			"filename":	"1623751662547036.mp4",
			"share_status":	0,
			"pv":	0,
			"url":	"http://10.211.55.11:80/group1/M00/00/00/CtM3C2EJETKAR8MfAI5SWWFe6ms063.mp4",
			"size":	9327193,
			"type":	"mp4"
		}]
}
[2021-08-04 12:35:19]--[src_cgi/myfiles_cgi.c:500]--cmd = count
[2021-08-04 12:35:19]--[src_cgi/myfiles_cgi.c:532]--buf = {
    "token": "639616dc6da120280aa061f7c65e40a8",
    "user": "sungs"
}

[2021-08-04 12:35:19]--[src_cgi/myfiles_cgi.c:177]--line = 3
[2021-08-04 12:35:19]--[src_cgi/myfiles_cgi.c:500]--cmd = Normal
[2021-08-04 12:35:19]--[src_cgi/myfiles_cgi.c:532]--buf = {
    "count": 3,
    "start": 0,
    "token": "639616dc6da120280aa061f7c65e40a8",
    "user": "sungs"
}

[2021-08-04 12:35:19]--[src_cgi/myfiles_cgi.c:552]--user = sungs, token = 639616dc6da120280aa061f7c65e40a8, start = 0, count = 3
[2021-08-04 12:35:19]--[src_cgi/myfiles_cgi.c:309]--select user_file_list.*, file_info.url, file_info.size, file_info.type from file_info, user_file_list where user = 'sungs' and file_info.md5 = user_file_list.md5 limit 0, 3 在操作
[2021-08-04 12:35:19]--[src_cgi/myfiles_cgi.c:432]--{
	"files":	[{
			"user":	"sungs",
			"md5":	"e8c3baa9689022e822bb31b0eab8dd17",
			"time":	"2021-08-03 17:49:36",
			"filename":	"202107162119 (1).mp4",
			"share_status":	1,
			"pv":	0,
			"url":	"http://10.211.55.11:80/group1/M00/00/00/CtM3C2EJETCAIKw2ACQJK66pcr4162.mp4",
			"size":	2361643,
			"type":	"mp4"
		}, {
			"user":	"sungs",
			"md5":	"aa306610b46b7d0216c24caa0eba6f8d",
			"time":	"2021-08-03 17:49:38",
			"filename":	"202107162119.mp4",
			"share_status":	1,
			"pv":	0,
			"url":	"http://10.211.55.11:80/group1/M00/00/00/CtM3C2EJETKAEew6Ad0A2y5S988436.mp4",
			"size":	31260891,
			"type":	"mp4"
		}, {
			"user":	"sungs",
			"md5":	"70775ee153aa8dc060fbe98a750a8c38",
			"time":	"2021-08-03 17:49:38",
			"filename":	"1623751662547036.mp4",
			"share_status":	0,
			"pv":	0,
			"url":	"http://10.211.55.11:80/group1/M00/00/00/CtM3C2EJETKAR8MfAI5SWWFe6ms063.mp4",
			"size":	9327193,
			"type":	"mp4"
		}]
}
[2021-08-04 12:36:29]--[src_cgi/myfiles_cgi.c:500]--cmd = count
[2021-08-04 12:36:29]--[src_cgi/myfiles_cgi.c:532]--buf = {
    "token": "1af4c35655e06ef3d0b98fe1626f8610",
    "user": "sungs"
}

[2021-08-04 12:36:29]--[src_cgi/myfiles_cgi.c:177]--line = 3
[2021-08-04 12:36:29]--[src_cgi/myfiles_cgi.c:500]--cmd = Normal
[2021-08-04 12:36:29]--[src_cgi/myfiles_cgi.c:532]--buf = {
    "count": 3,
    "start": 0,
    "token": "1af4c35655e06ef3d0b98fe1626f8610",
    "user": "sungs"
}

[2021-08-04 12:36:29]--[src_cgi/myfiles_cgi.c:552]--user = sungs, token = 1af4c35655e06ef3d0b98fe1626f8610, start = 0, count = 3
[2021-08-04 12:36:29]--[src_cgi/myfiles_cgi.c:309]--select user_file_list.*, file_info.url, file_info.size, file_info.type from file_info, user_file_list where user = 'sungs' and file_info.md5 = user_file_list.md5 limit 0, 3 在操作
[2021-08-04 12:36:29]--[src_cgi/myfiles_cgi.c:432]--{
	"files":	[{
			"user":	"sungs",
			"md5":	"e8c3baa9689022e822bb31b0eab8dd17",
			"time":	"2021-08-03 17:49:36",
			"filename":	"202107162119 (1).mp4",
			"share_status":	1,
			"pv":	0,
			"url":	"http://10.211.55.11:80/group1/M00/00/00/CtM3C2EJETCAIKw2ACQJK66pcr4162.mp4",
			"size":	2361643,
			"type":	"mp4"
		}, {
			"user":	"sungs",
			"md5":	"aa306610b46b7d0216c24caa0eba6f8d",
			"time":	"2021-08-03 17:49:38",
			"filename":	"202107162119.mp4",
			"share_status":	1,
			"pv":	0,
			"url":	"http://10.211.55.11:80/group1/M00/00/00/CtM3C2EJETKAEew6Ad0A2y5S988436.mp4",
			"size":	31260891,
			"type":	"mp4"
		}, {
			"user":	"sungs",
			"md5":	"70775ee153aa8dc060fbe98a750a8c38",
			"time":	"2021-08-03 17:49:38",
			"filename":	"1623751662547036.mp4",
			"share_status":	0,
			"pv":	0,
			"url":	"http://10.211.55.11:80/group1/M00/00/00/CtM3C2EJETKAR8MfAI5SWWFe6ms063.mp4",
			"size":	9327193,
			"type":	"mp4"
		}]
}
