[2021-08-03 02:01:25]--[src_cgi/sharefiles_cgi.c:42]--mysql:[user=root,pwd=12301230,database=cloud_disk][2021-08-03 02:01:25]--[src_cgi/sharefiles_cgi.c:47]--redis:[ip=10.211.55.11,port=6379]
[2021-08-03 02:07:38]--[src_cgi/sharefiles_cgi.c:42]--mysql:[user=root,pwd=12301230,database=cloud_disk][2021-08-03 02:07:38]--[src_cgi/sharefiles_cgi.c:47]--redis:[ip=10.211.55.11,port=6379]
[2021-08-03 17:23:57]--[src_cgi/sharefiles_cgi.c:598]--cmd = count
[2021-08-03 17:23:57]--[src_cgi/sharefiles_cgi.c:85]--line = 4
[2021-08-03 17:23:57]--[src_cgi/sharefiles_cgi.c:598]--cmd = normal
[2021-08-03 17:23:57]--[src_cgi/sharefiles_cgi.c:636]--buf = {
    "count": 4,
    "start": 0
}

[2021-08-03 17:23:57]--[src_cgi/sharefiles_cgi.c:645]--start = 0, count = 4
[2021-08-03 17:23:57]--[src_cgi/sharefiles_cgi.c:172]--select share_file_list.*, file_info.url, file_info.size, file_info.type from file_info, share_file_list where file_info.md5 = share_file_list.md5 limit 0, 4 在操作
[2021-08-03 17:23:57]--[src_cgi/sharefiles_cgi.c:292]--{
	"files":	[{
			"user":	"sungs",
			"md5":	"a909314045ca61835c964e84148b9fb3",
			"time":	"2021-08-02 15:48:37",
			"filename":	"cfg.json",
			"share_status":	1,
			"pv":	0,
			"url":	"http://10.211.55.11:80/group1/M00/00/00/CtM3C2EG5SaAE9nNAAABFk3uqHc99.json",
			"size":	0,
			"type":	"json"
		}, {
			"user":	"sungs",
			"md5":	"c72d7d348a26167e4a68eabb39a8b893",
			"time":	"2021-08-02 16:12:16",
			"filename":	"IMG_7700.JPG",
			"share_status":	1,
			"pv":	0,
			"url":	"http://10.211.55.11:80/group1/M00/00/00/CtM3C2EFQxyACHdbAAAAAAAAAAA394.JPG",
			"size":	0,
			"type":	"JPG"
		}, {
			"user":	"sungs",
			"md5":	"706b1fc44db0270fffa81751e866c071",
			"time":	"2021-08-02 16:12:32",
			"filename":	"IMG_8001.PNG",
			"share_status":	1,
			"pv":	0,
			"url":	"http://10.211.55.11:80/group1/M00/00/00/CtM3C2EFa0OAeTTPAEvcbLMuAOA794.PNG",
			"size":	0,
			"type":	"PNG"
		}, {
			"user":	"sungs",
			"md5":	"90dad3285063133a59da5ba592ab540e",
			"time":	"2021-08-02 23:05:52",
			"filename":	"孙国盛 C:C++软件开发.md",
			"share_status":	1,
			"pv":	0,
			"url":	"http://10.211.55.11:80/group1/M00/00/00/CtM3C2EFNxuAcicPAAAF4rT1Cmo6360.md",
			"size":	0,
			"type":	"md"
		}]
}
[2021-08-03 17:23:59]--[src_cgi/sharefiles_cgi.c:598]--cmd = count
[2021-08-03 17:23:59]--[src_cgi/sharefiles_cgi.c:85]--line = 4
[2021-08-03 17:23:59]--[src_cgi/sharefiles_cgi.c:598]--cmd = normal
[2021-08-03 17:23:59]--[src_cgi/sharefiles_cgi.c:636]--buf = {
    "count": 4,
    "start": 0
}

[2021-08-03 17:23:59]--[src_cgi/sharefiles_cgi.c:645]--start = 0, count = 4
[2021-08-03 17:23:59]--[src_cgi/sharefiles_cgi.c:172]--select share_file_list.*, file_info.url, file_info.size, file_info.type from file_info, share_file_list where file_info.md5 = share_file_list.md5 limit 0, 4 在操作
[2021-08-03 17:23:59]--[src_cgi/sharefiles_cgi.c:292]--{
	"files":	[{
			"user":	"sungs",
			"md5":	"a909314045ca61835c964e84148b9fb3",
			"time":	"2021-08-02 15:48:37",
			"filename":	"cfg.json",
			"share_status":	1,
			"pv":	0,
			"url":	"http://10.211.55.11:80/group1/M00/00/00/CtM3C2EG5SaAE9nNAAABFk3uqHc99.json",
			"size":	0,
			"type":	"json"
		}, {
			"user":	"sungs",
			"md5":	"c72d7d348a26167e4a68eabb39a8b893",
			"time":	"2021-08-02 16:12:16",
			"filename":	"IMG_7700.JPG",
			"share_status":	1,
			"pv":	0,
			"url":	"http://10.211.55.11:80/group1/M00/00/00/CtM3C2EFQxyACHdbAAAAAAAAAAA394.JPG",
			"size":	0,
			"type":	"JPG"
		}, {
			"user":	"sungs",
			"md5":	"706b1fc44db0270fffa81751e866c071",
			"time":	"2021-08-02 16:12:32",
			"filename":	"IMG_8001.PNG",
			"share_status":	1,
			"pv":	0,
			"url":	"http://10.211.55.11:80/group1/M00/00/00/CtM3C2EFa0OAeTTPAEvcbLMuAOA794.PNG",
			"size":	0,
			"type":	"PNG"
		}, {
			"user":	"sungs",
			"md5":	"90dad3285063133a59da5ba592ab540e",
			"time":	"2021-08-02 23:05:52",
			"filename":	"孙国盛 C:C++软件开发.md",
			"share_status":	1,
			"pv":	0,
			"url":	"http://10.211.55.11:80/group1/M00/00/00/CtM3C2EFNxuAcicPAAAF4rT1Cmo6360.md",
			"size":	0,
			"type":	"md"
		}]
}
[2021-08-03 17:24:00]--[src_cgi/sharefiles_cgi.c:598]--cmd = count
[2021-08-03 17:24:00]--[src_cgi/sharefiles_cgi.c:85]--line = 4
[2021-08-03 17:24:00]--[src_cgi/sharefiles_cgi.c:598]--cmd = normal
[2021-08-03 17:24:00]--[src_cgi/sharefiles_cgi.c:636]--buf = {
    "count": 4,
    "start": 0
}

[2021-08-03 17:24:00]--[src_cgi/sharefiles_cgi.c:645]--start = 0, count = 4
[2021-08-03 17:24:00]--[src_cgi/sharefiles_cgi.c:172]--select share_file_list.*, file_info.url, file_info.size, file_info.type from file_info, share_file_list where file_info.md5 = share_file_list.md5 limit 0, 4 在操作
[2021-08-03 17:24:00]--[src_cgi/sharefiles_cgi.c:292]--{
	"files":	[{
			"user":	"sungs",
			"md5":	"a909314045ca61835c964e84148b9fb3",
			"time":	"2021-08-02 15:48:37",
			"filename":	"cfg.json",
			"share_status":	1,
			"pv":	0,
			"url":	"http://10.211.55.11:80/group1/M00/00/00/CtM3C2EG5SaAE9nNAAABFk3uqHc99.json",
			"size":	0,
			"type":	"json"
		}, {
			"user":	"sungs",
			"md5":	"c72d7d348a26167e4a68eabb39a8b893",
			"time":	"2021-08-02 16:12:16",
			"filename":	"IMG_7700.JPG",
			"share_status":	1,
			"pv":	0,
			"url":	"http://10.211.55.11:80/group1/M00/00/00/CtM3C2EFQxyACHdbAAAAAAAAAAA394.JPG",
			"size":	0,
			"type":	"JPG"
		}, {
			"user":	"sungs",
			"md5":	"706b1fc44db0270fffa81751e866c071",
			"time":	"2021-08-02 16:12:32",
			"filename":	"IMG_8001.PNG",
			"share_status":	1,
			"pv":	0,
			"url":	"http://10.211.55.11:80/group1/M00/00/00/CtM3C2EFa0OAeTTPAEvcbLMuAOA794.PNG",
			"size":	0,
			"type":	"PNG"
		}, {
			"user":	"sungs",
			"md5":	"90dad3285063133a59da5ba592ab540e",
			"time":	"2021-08-02 23:05:52",
			"filename":	"孙国盛 C:C++软件开发.md",
			"share_status":	1,
			"pv":	0,
			"url":	"http://10.211.55.11:80/group1/M00/00/00/CtM3C2EFNxuAcicPAAAF4rT1Cmo6360.md",
			"size":	0,
			"type":	"md"
		}]
}
[2021-08-03 17:24:01]--[src_cgi/sharefiles_cgi.c:598]--cmd = count
[2021-08-03 17:24:01]--[src_cgi/sharefiles_cgi.c:85]--line = 4
[2021-08-03 17:24:01]--[src_cgi/sharefiles_cgi.c:598]--cmd = normal
[2021-08-03 17:24:01]--[src_cgi/sharefiles_cgi.c:636]--buf = {
    "count": 4,
    "start": 0
}

[2021-08-03 17:24:01]--[src_cgi/sharefiles_cgi.c:645]--start = 0, count = 4
[2021-08-03 17:24:01]--[src_cgi/sharefiles_cgi.c:172]--select share_file_list.*, file_info.url, file_info.size, file_info.type from file_info, share_file_list where file_info.md5 = share_file_list.md5 limit 0, 4 在操作
[2021-08-03 17:24:01]--[src_cgi/sharefiles_cgi.c:292]--{
	"files":	[{
			"user":	"sungs",
			"md5":	"a909314045ca61835c964e84148b9fb3",
			"time":	"2021-08-02 15:48:37",
			"filename":	"cfg.json",
			"share_status":	1,
			"pv":	0,
			"url":	"http://10.211.55.11:80/group1/M00/00/00/CtM3C2EG5SaAE9nNAAABFk3uqHc99.json",
			"size":	0,
			"type":	"json"
		}, {
			"user":	"sungs",
			"md5":	"c72d7d348a26167e4a68eabb39a8b893",
			"time":	"2021-08-02 16:12:16",
			"filename":	"IMG_7700.JPG",
			"share_status":	1,
			"pv":	0,
			"url":	"http://10.211.55.11:80/group1/M00/00/00/CtM3C2EFQxyACHdbAAAAAAAAAAA394.JPG",
			"size":	0,
			"type":	"JPG"
		}, {
			"user":	"sungs",
			"md5":	"706b1fc44db0270fffa81751e866c071",
			"time":	"2021-08-02 16:12:32",
			"filename":	"IMG_8001.PNG",
			"share_status":	1,
			"pv":	0,
			"url":	"http://10.211.55.11:80/group1/M00/00/00/CtM3C2EFa0OAeTTPAEvcbLMuAOA794.PNG",
			"size":	0,
			"type":	"PNG"
		}, {
			"user":	"sungs",
			"md5":	"90dad3285063133a59da5ba592ab540e",
			"time":	"2021-08-02 23:05:52",
			"filename":	"孙国盛 C:C++软件开发.md",
			"share_status":	1,
			"pv":	0,
			"url":	"http://10.211.55.11:80/group1/M00/00/00/CtM3C2EFNxuAcicPAAAF4rT1Cmo6360.md",
			"size":	0,
			"type":	"md"
		}]
}
[2021-08-03 17:24:02]--[src_cgi/sharefiles_cgi.c:598]--cmd = count
[2021-08-03 17:24:02]--[src_cgi/sharefiles_cgi.c:85]--line = 4
[2021-08-03 17:24:02]--[src_cgi/sharefiles_cgi.c:598]--cmd = normal
[2021-08-03 17:24:02]--[src_cgi/sharefiles_cgi.c:636]--buf = {
    "count": 4,
    "start": 0
}

[2021-08-03 17:24:02]--[src_cgi/sharefiles_cgi.c:645]--start = 0, count = 4
[2021-08-03 17:24:02]--[src_cgi/sharefiles_cgi.c:172]--select share_file_list.*, file_info.url, file_info.size, file_info.type from file_info, share_file_list where file_info.md5 = share_file_list.md5 limit 0, 4 在操作
[2021-08-03 17:24:02]--[src_cgi/sharefiles_cgi.c:292]--{
	"files":	[{
			"user":	"sungs",
			"md5":	"a909314045ca61835c964e84148b9fb3",
			"time":	"2021-08-02 15:48:37",
			"filename":	"cfg.json",
			"share_status":	1,
			"pv":	0,
			"url":	"http://10.211.55.11:80/group1/M00/00/00/CtM3C2EG5SaAE9nNAAABFk3uqHc99.json",
			"size":	0,
			"type":	"json"
		}, {
			"user":	"sungs",
			"md5":	"c72d7d348a26167e4a68eabb39a8b893",
			"time":	"2021-08-02 16:12:16",
			"filename":	"IMG_7700.JPG",
			"share_status":	1,
			"pv":	0,
			"url":	"http://10.211.55.11:80/group1/M00/00/00/CtM3C2EFQxyACHdbAAAAAAAAAAA394.JPG",
			"size":	0,
			"type":	"JPG"
		}, {
			"user":	"sungs",
			"md5":	"706b1fc44db0270fffa81751e866c071",
			"time":	"2021-08-02 16:12:32",
			"filename":	"IMG_8001.PNG",
			"share_status":	1,
			"pv":	0,
			"url":	"http://10.211.55.11:80/group1/M00/00/00/CtM3C2EFa0OAeTTPAEvcbLMuAOA794.PNG",
			"size":	0,
			"type":	"PNG"
		}, {
			"user":	"sungs",
			"md5":	"90dad3285063133a59da5ba592ab540e",
			"time":	"2021-08-02 23:05:52",
			"filename":	"孙国盛 C:C++软件开发.md",
			"share_status":	1,
			"pv":	0,
			"url":	"http://10.211.55.11:80/group1/M00/00/00/CtM3C2EFNxuAcicPAAAF4rT1Cmo6360.md",
			"size":	0,
			"type":	"md"
		}]
}
[2021-08-03 17:24:04]--[src_cgi/sharefiles_cgi.c:598]--cmd = count
[2021-08-03 17:24:04]--[src_cgi/sharefiles_cgi.c:85]--line = 4
[2021-08-03 17:24:04]--[src_cgi/sharefiles_cgi.c:598]--cmd = normal
[2021-08-03 17:24:04]--[src_cgi/sharefiles_cgi.c:636]--buf = {
    "count": 4,
    "start": 0
}

[2021-08-03 17:24:04]--[src_cgi/sharefiles_cgi.c:645]--start = 0, count = 4
[2021-08-03 17:24:04]--[src_cgi/sharefiles_cgi.c:172]--select share_file_list.*, file_info.url, file_info.size, file_info.type from file_info, share_file_list where file_info.md5 = share_file_list.md5 limit 0, 4 在操作
[2021-08-03 17:24:04]--[src_cgi/sharefiles_cgi.c:292]--{
	"files":	[{
			"user":	"sungs",
			"md5":	"a909314045ca61835c964e84148b9fb3",
			"time":	"2021-08-02 15:48:37",
			"filename":	"cfg.json",
			"share_status":	1,
			"pv":	0,
			"url":	"http://10.211.55.11:80/group1/M00/00/00/CtM3C2EG5SaAE9nNAAABFk3uqHc99.json",
			"size":	0,
			"type":	"json"
		}, {
			"user":	"sungs",
			"md5":	"c72d7d348a26167e4a68eabb39a8b893",
			"time":	"2021-08-02 16:12:16",
			"filename":	"IMG_7700.JPG",
			"share_status":	1,
			"pv":	0,
			"url":	"http://10.211.55.11:80/group1/M00/00/00/CtM3C2EFQxyACHdbAAAAAAAAAAA394.JPG",
			"size":	0,
			"type":	"JPG"
		}, {
			"user":	"sungs",
			"md5":	"706b1fc44db0270fffa81751e866c071",
			"time":	"2021-08-02 16:12:32",
			"filename":	"IMG_8001.PNG",
			"share_status":	1,
			"pv":	0,
			"url":	"http://10.211.55.11:80/group1/M00/00/00/CtM3C2EFa0OAeTTPAEvcbLMuAOA794.PNG",
			"size":	0,
			"type":	"PNG"
		}, {
			"user":	"sungs",
			"md5":	"90dad3285063133a59da5ba592ab540e",
			"time":	"2021-08-02 23:05:52",
			"filename":	"孙国盛 C:C++软件开发.md",
			"share_status":	1,
			"pv":	0,
			"url":	"http://10.211.55.11:80/group1/M00/00/00/CtM3C2EFNxuAcicPAAAF4rT1Cmo6360.md",
			"size":	0,
			"type":	"md"
		}]
}
[2021-08-03 17:24:47]--[src_cgi/sharefiles_cgi.c:598]--cmd = count
[2021-08-03 17:24:47]--[src_cgi/sharefiles_cgi.c:85]--line = 4
[2021-08-03 17:24:47]--[src_cgi/sharefiles_cgi.c:598]--cmd = normal
[2021-08-03 17:24:47]--[src_cgi/sharefiles_cgi.c:636]--buf = {
    "count": 4,
    "start": 0
}

[2021-08-03 17:24:47]--[src_cgi/sharefiles_cgi.c:645]--start = 0, count = 4
[2021-08-03 17:24:47]--[src_cgi/sharefiles_cgi.c:172]--select share_file_list.*, file_info.url, file_info.size, file_info.type from file_info, share_file_list where file_info.md5 = share_file_list.md5 limit 0, 4 在操作
[2021-08-03 17:24:47]--[src_cgi/sharefiles_cgi.c:292]--{
	"files":	[{
			"user":	"sungs",
			"md5":	"a909314045ca61835c964e84148b9fb3",
			"time":	"2021-08-02 15:48:37",
			"filename":	"cfg.json",
			"share_status":	1,
			"pv":	0,
			"url":	"http://10.211.55.11:80/group1/M00/00/00/CtM3C2EG5SaAE9nNAAABFk3uqHc99.json",
			"size":	0,
			"type":	"json"
		}, {
			"user":	"sungs",
			"md5":	"c72d7d348a26167e4a68eabb39a8b893",
			"time":	"2021-08-02 16:12:16",
			"filename":	"IMG_7700.JPG",
			"share_status":	1,
			"pv":	0,
			"url":	"http://10.211.55.11:80/group1/M00/00/00/CtM3C2EFQxyACHdbAAAAAAAAAAA394.JPG",
			"size":	0,
			"type":	"JPG"
		}, {
			"user":	"sungs",
			"md5":	"706b1fc44db0270fffa81751e866c071",
			"time":	"2021-08-02 16:12:32",
			"filename":	"IMG_8001.PNG",
			"share_status":	1,
			"pv":	0,
			"url":	"http://10.211.55.11:80/group1/M00/00/00/CtM3C2EFa0OAeTTPAEvcbLMuAOA794.PNG",
			"size":	0,
			"type":	"PNG"
		}, {
			"user":	"sungs",
			"md5":	"90dad3285063133a59da5ba592ab540e",
			"time":	"2021-08-02 23:05:52",
			"filename":	"孙国盛 C:C++软件开发.md",
			"share_status":	1,
			"pv":	0,
			"url":	"http://10.211.55.11:80/group1/M00/00/00/CtM3C2EFNxuAcicPAAAF4rT1Cmo6360.md",
			"size":	0,
			"type":	"md"
		}]
}
[2021-08-03 17:30:25]--[src_cgi/sharefiles_cgi.c:598]--cmd = count
[2021-08-03 17:30:25]--[src_cgi/sharefiles_cgi.c:85]--line = 4
[2021-08-03 17:30:25]--[src_cgi/sharefiles_cgi.c:598]--cmd = normal
[2021-08-03 17:30:25]--[src_cgi/sharefiles_cgi.c:636]--buf = {
    "count": 4,
    "start": 0
}

[2021-08-03 17:30:25]--[src_cgi/sharefiles_cgi.c:645]--start = 0, count = 4
[2021-08-03 17:30:25]--[src_cgi/sharefiles_cgi.c:172]--select share_file_list.*, file_info.url, file_info.size, file_info.type from file_info, share_file_list where file_info.md5 = share_file_list.md5 limit 0, 4 在操作
[2021-08-03 17:30:25]--[src_cgi/sharefiles_cgi.c:292]--{
	"files":	[{
			"user":	"sungs",
			"md5":	"a909314045ca61835c964e84148b9fb3",
			"time":	"2021-08-02 15:48:37",
			"filename":	"cfg.json",
			"share_status":	1,
			"pv":	0,
			"url":	"http://10.211.55.11:80/group1/M00/00/00/CtM3C2EG5SaAE9nNAAABFk3uqHc99.json",
			"size":	0,
			"type":	"json"
		}, {
			"user":	"sungs",
			"md5":	"c72d7d348a26167e4a68eabb39a8b893",
			"time":	"2021-08-02 16:12:16",
			"filename":	"IMG_7700.JPG",
			"share_status":	1,
			"pv":	0,
			"url":	"http://10.211.55.11:80/group1/M00/00/00/CtM3C2EFQxyACHdbAAAAAAAAAAA394.JPG",
			"size":	0,
			"type":	"JPG"
		}, {
			"user":	"sungs",
			"md5":	"706b1fc44db0270fffa81751e866c071",
			"time":	"2021-08-02 16:12:32",
			"filename":	"IMG_8001.PNG",
			"share_status":	1,
			"pv":	0,
			"url":	"http://10.211.55.11:80/group1/M00/00/00/CtM3C2EFa0OAeTTPAEvcbLMuAOA794.PNG",
			"size":	0,
			"type":	"PNG"
		}, {
			"user":	"sungs",
			"md5":	"90dad3285063133a59da5ba592ab540e",
			"time":	"2021-08-02 23:05:52",
			"filename":	"孙国盛 C:C++软件开发.md",
			"share_status":	1,
			"pv":	0,
			"url":	"http://10.211.55.11:80/group1/M00/00/00/CtM3C2EFNxuAcicPAAAF4rT1Cmo6360.md",
			"size":	0,
			"type":	"md"
		}]
}
[2021-08-03 17:30:29]--[src_cgi/sharefiles_cgi.c:598]--cmd = count
[2021-08-03 17:30:29]--[src_cgi/sharefiles_cgi.c:85]--line = 4
[2021-08-03 17:30:29]--[src_cgi/sharefiles_cgi.c:598]--cmd = normal
[2021-08-03 17:30:29]--[src_cgi/sharefiles_cgi.c:636]--buf = {
    "count": 4,
    "start": 0
}

[2021-08-03 17:30:29]--[src_cgi/sharefiles_cgi.c:645]--start = 0, count = 4
[2021-08-03 17:30:29]--[src_cgi/sharefiles_cgi.c:172]--select share_file_list.*, file_info.url, file_info.size, file_info.type from file_info, share_file_list where file_info.md5 = share_file_list.md5 limit 0, 4 在操作
[2021-08-03 17:30:29]--[src_cgi/sharefiles_cgi.c:292]--{
	"files":	[{
			"user":	"sungs",
			"md5":	"a909314045ca61835c964e84148b9fb3",
			"time":	"2021-08-02 15:48:37",
			"filename":	"cfg.json",
			"share_status":	1,
			"pv":	0,
			"url":	"http://10.211.55.11:80/group1/M00/00/00/CtM3C2EG5SaAE9nNAAABFk3uqHc99.json",
			"size":	0,
			"type":	"json"
		}, {
			"user":	"sungs",
			"md5":	"c72d7d348a26167e4a68eabb39a8b893",
			"time":	"2021-08-02 16:12:16",
			"filename":	"IMG_7700.JPG",
			"share_status":	1,
			"pv":	0,
			"url":	"http://10.211.55.11:80/group1/M00/00/00/CtM3C2EFQxyACHdbAAAAAAAAAAA394.JPG",
			"size":	0,
			"type":	"JPG"
		}, {
			"user":	"sungs",
			"md5":	"706b1fc44db0270fffa81751e866c071",
			"time":	"2021-08-02 16:12:32",
			"filename":	"IMG_8001.PNG",
			"share_status":	1,
			"pv":	0,
			"url":	"http://10.211.55.11:80/group1/M00/00/00/CtM3C2EFa0OAeTTPAEvcbLMuAOA794.PNG",
			"size":	0,
			"type":	"PNG"
		}, {
			"user":	"sungs",
			"md5":	"90dad3285063133a59da5ba592ab540e",
			"time":	"2021-08-02 23:05:52",
			"filename":	"孙国盛 C:C++软件开发.md",
			"share_status":	1,
			"pv":	0,
			"url":	"http://10.211.55.11:80/group1/M00/00/00/CtM3C2EFNxuAcicPAAAF4rT1Cmo6360.md",
			"size":	0,
			"type":	"md"
		}]
}
[2021-08-03 17:30:32]--[src_cgi/sharefiles_cgi.c:598]--cmd = count
[2021-08-03 17:30:32]--[src_cgi/sharefiles_cgi.c:85]--line = 4
[2021-08-03 17:30:32]--[src_cgi/sharefiles_cgi.c:598]--cmd = normal
[2021-08-03 17:30:32]--[src_cgi/sharefiles_cgi.c:636]--buf = {
    "count": 4,
    "start": 0
}

[2021-08-03 17:30:32]--[src_cgi/sharefiles_cgi.c:645]--start = 0, count = 4
[2021-08-03 17:30:32]--[src_cgi/sharefiles_cgi.c:172]--select share_file_list.*, file_info.url, file_info.size, file_info.type from file_info, share_file_list where file_info.md5 = share_file_list.md5 limit 0, 4 在操作
[2021-08-03 17:30:32]--[src_cgi/sharefiles_cgi.c:292]--{
	"files":	[{
			"user":	"sungs",
			"md5":	"a909314045ca61835c964e84148b9fb3",
			"time":	"2021-08-02 15:48:37",
			"filename":	"cfg.json",
			"share_status":	1,
			"pv":	0,
			"url":	"http://10.211.55.11:80/group1/M00/00/00/CtM3C2EG5SaAE9nNAAABFk3uqHc99.json",
			"size":	0,
			"type":	"json"
		}, {
			"user":	"sungs",
			"md5":	"c72d7d348a26167e4a68eabb39a8b893",
			"time":	"2021-08-02 16:12:16",
			"filename":	"IMG_7700.JPG",
			"share_status":	1,
			"pv":	0,
			"url":	"http://10.211.55.11:80/group1/M00/00/00/CtM3C2EFQxyACHdbAAAAAAAAAAA394.JPG",
			"size":	0,
			"type":	"JPG"
		}, {
			"user":	"sungs",
			"md5":	"706b1fc44db0270fffa81751e866c071",
			"time":	"2021-08-02 16:12:32",
			"filename":	"IMG_8001.PNG",
			"share_status":	1,
			"pv":	0,
			"url":	"http://10.211.55.11:80/group1/M00/00/00/CtM3C2EFa0OAeTTPAEvcbLMuAOA794.PNG",
			"size":	0,
			"type":	"PNG"
		}, {
			"user":	"sungs",
			"md5":	"90dad3285063133a59da5ba592ab540e",
			"time":	"2021-08-02 23:05:52",
			"filename":	"孙国盛 C:C++软件开发.md",
			"share_status":	1,
			"pv":	0,
			"url":	"http://10.211.55.11:80/group1/M00/00/00/CtM3C2EFNxuAcicPAAAF4rT1Cmo6360.md",
			"size":	0,
			"type":	"md"
		}]
}
[2021-08-03 17:30:57]--[src_cgi/sharefiles_cgi.c:598]--cmd = count
[2021-08-03 17:30:57]--[src_cgi/sharefiles_cgi.c:85]--line = 4
[2021-08-03 17:30:57]--[src_cgi/sharefiles_cgi.c:598]--cmd = normal
[2021-08-03 17:30:57]--[src_cgi/sharefiles_cgi.c:636]--buf = {
    "count": 4,
    "start": 0
}

[2021-08-03 17:30:57]--[src_cgi/sharefiles_cgi.c:645]--start = 0, count = 4
[2021-08-03 17:30:57]--[src_cgi/sharefiles_cgi.c:172]--select share_file_list.*, file_info.url, file_info.size, file_info.type from file_info, share_file_list where file_info.md5 = share_file_list.md5 limit 0, 4 在操作
[2021-08-03 17:30:57]--[src_cgi/sharefiles_cgi.c:292]--{
	"files":	[{
			"user":	"sungs",
			"md5":	"a909314045ca61835c964e84148b9fb3",
			"time":	"2021-08-02 15:48:37",
			"filename":	"cfg.json",
			"share_status":	1,
			"pv":	0,
			"url":	"http://10.211.55.11:80/group1/M00/00/00/CtM3C2EG5SaAE9nNAAABFk3uqHc99.json",
			"size":	0,
			"type":	"json"
		}, {
			"user":	"sungs",
			"md5":	"c72d7d348a26167e4a68eabb39a8b893",
			"time":	"2021-08-02 16:12:16",
			"filename":	"IMG_7700.JPG",
			"share_status":	1,
			"pv":	0,
			"url":	"http://10.211.55.11:80/group1/M00/00/00/CtM3C2EFQxyACHdbAAAAAAAAAAA394.JPG",
			"size":	0,
			"type":	"JPG"
		}, {
			"user":	"sungs",
			"md5":	"706b1fc44db0270fffa81751e866c071",
			"time":	"2021-08-02 16:12:32",
			"filename":	"IMG_8001.PNG",
			"share_status":	1,
			"pv":	0,
			"url":	"http://10.211.55.11:80/group1/M00/00/00/CtM3C2EFa0OAeTTPAEvcbLMuAOA794.PNG",
			"size":	0,
			"type":	"PNG"
		}, {
			"user":	"sungs",
			"md5":	"90dad3285063133a59da5ba592ab540e",
			"time":	"2021-08-02 23:05:52",
			"filename":	"孙国盛 C:C++软件开发.md",
			"share_status":	1,
			"pv":	1,
			"url":	"http://10.211.55.11:80/group1/M00/00/00/CtM3C2EFNxuAcicPAAAF4rT1Cmo6360.md",
			"size":	0,
			"type":	"md"
		}]
}
[2021-08-03 17:41:13]--[src_cgi/sharefiles_cgi.c:598]--cmd = count
[2021-08-03 17:41:13]--[src_cgi/sharefiles_cgi.c:85]--line = 4
[2021-08-03 17:41:13]--[src_cgi/sharefiles_cgi.c:598]--cmd = pvdesc
[2021-08-03 17:41:13]--[src_cgi/sharefiles_cgi.c:636]--buf = {
    "count": 4,
    "start": 0
}

[2021-08-03 17:41:13]--[src_cgi/sharefiles_cgi.c:645]--start = 0, count = 4
[2021-08-03 17:41:13]--[src_cgi/sharefiles_cgi.c:399]--sql_num = 4, redis_num = 7
[2021-08-03 17:41:13]--[src_cgi/sharefiles_cgi.c:413]--select md5, filename, pv from share_file_list order by pv desc 在操作
[2021-08-03 17:41:13]--[src_cgi/sharefiles_cgi.c:529]--{
	"files":	[{
			"filename":	"孙国盛 C:C++软件开发.md",
			"pv":	1
		}, {
			"filename":	"IMG_7700.JPG",
			"pv":	0
		}, {
			"filename":	"cfg.json",
			"pv":	0
		}, {
			"filename":	"IMG_8001.PNG",
			"pv":	0
		}]
}
[2021-08-03 17:41:33]--[src_cgi/sharefiles_cgi.c:598]--cmd = count
[2021-08-03 17:41:33]--[src_cgi/sharefiles_cgi.c:85]--line = 4
[2021-08-03 17:41:33]--[src_cgi/sharefiles_cgi.c:598]--cmd = normal
[2021-08-03 17:41:33]--[src_cgi/sharefiles_cgi.c:636]--buf = {
    "count": 4,
    "start": 0
}

[2021-08-03 17:41:33]--[src_cgi/sharefiles_cgi.c:645]--start = 0, count = 4
[2021-08-03 17:41:33]--[src_cgi/sharefiles_cgi.c:172]--select share_file_list.*, file_info.url, file_info.size, file_info.type from file_info, share_file_list where file_info.md5 = share_file_list.md5 limit 0, 4 在操作
[2021-08-03 17:41:33]--[src_cgi/sharefiles_cgi.c:292]--{
	"files":	[{
			"user":	"sungs",
			"md5":	"a909314045ca61835c964e84148b9fb3",
			"time":	"2021-08-02 15:48:37",
			"filename":	"cfg.json",
			"share_status":	1,
			"pv":	0,
			"url":	"http://10.211.55.11:80/group1/M00/00/00/CtM3C2EG5SaAE9nNAAABFk3uqHc99.json",
			"size":	0,
			"type":	"json"
		}, {
			"user":	"sungs",
			"md5":	"c72d7d348a26167e4a68eabb39a8b893",
			"time":	"2021-08-02 16:12:16",
			"filename":	"IMG_7700.JPG",
			"share_status":	1,
			"pv":	0,
			"url":	"http://10.211.55.11:80/group1/M00/00/00/CtM3C2EFQxyACHdbAAAAAAAAAAA394.JPG",
			"size":	0,
			"type":	"JPG"
		}, {
			"user":	"sungs",
			"md5":	"706b1fc44db0270fffa81751e866c071",
			"time":	"2021-08-02 16:12:32",
			"filename":	"IMG_8001.PNG",
			"share_status":	1,
			"pv":	0,
			"url":	"http://10.211.55.11:80/group1/M00/00/00/CtM3C2EFa0OAeTTPAEvcbLMuAOA794.PNG",
			"size":	0,
			"type":	"PNG"
		}, {
			"user":	"sungs",
			"md5":	"90dad3285063133a59da5ba592ab540e",
			"time":	"2021-08-02 23:05:52",
			"filename":	"孙国盛 C:C++软件开发.md",
			"share_status":	1,
			"pv":	1,
			"url":	"http://10.211.55.11:80/group1/M00/00/00/CtM3C2EFNxuAcicPAAAF4rT1Cmo6360.md",
			"size":	0,
			"type":	"md"
		}]
}
[2021-08-03 17:41:33]--[src_cgi/sharefiles_cgi.c:598]--cmd = count
[2021-08-03 17:41:33]--[src_cgi/sharefiles_cgi.c:85]--line = 4
[2021-08-03 17:41:33]--[src_cgi/sharefiles_cgi.c:598]--cmd = pvdesc
[2021-08-03 17:41:33]--[src_cgi/sharefiles_cgi.c:636]--buf = {
    "count": 4,
    "start": 0
}

[2021-08-03 17:41:33]--[src_cgi/sharefiles_cgi.c:645]--start = 0, count = 4
[2021-08-03 17:41:33]--[src_cgi/sharefiles_cgi.c:399]--sql_num = 4, redis_num = 4
[2021-08-03 17:41:33]--[src_cgi/sharefiles_cgi.c:529]--{
	"files":	[{
			"filename":	"孙国盛 C:C++软件开发.md",
			"pv":	1
		}, {
			"filename":	"IMG_7700.JPG",
			"pv":	0
		}, {
			"filename":	"cfg.json",
			"pv":	0
		}, {
			"filename":	"IMG_8001.PNG",
			"pv":	0
		}]
}
[2021-08-03 17:41:47]--[src_cgi/sharefiles_cgi.c:598]--cmd = count
[2021-08-03 17:41:47]--[src_cgi/sharefiles_cgi.c:85]--line = 4
[2021-08-03 17:41:47]--[src_cgi/sharefiles_cgi.c:598]--cmd = pvdesc
[2021-08-03 17:41:47]--[src_cgi/sharefiles_cgi.c:636]--buf = {
    "count": 4,
    "start": 0
}

[2021-08-03 17:41:47]--[src_cgi/sharefiles_cgi.c:645]--start = 0, count = 4
[2021-08-03 17:41:47]--[src_cgi/sharefiles_cgi.c:399]--sql_num = 4, redis_num = 4
[2021-08-03 17:41:47]--[src_cgi/sharefiles_cgi.c:529]--{
	"files":	[{
			"filename":	"孙国盛 C:C++软件开发.md",
			"pv":	1
		}, {
			"filename":	"IMG_7700.JPG",
			"pv":	0
		}, {
			"filename":	"cfg.json",
			"pv":	0
		}, {
			"filename":	"IMG_8001.PNG",
			"pv":	0
		}]
}
[2021-08-03 17:41:50]--[src_cgi/sharefiles_cgi.c:598]--cmd = count
[2021-08-03 17:41:50]--[src_cgi/sharefiles_cgi.c:85]--line = 4
[2021-08-03 17:41:50]--[src_cgi/sharefiles_cgi.c:598]--cmd = normal
[2021-08-03 17:41:50]--[src_cgi/sharefiles_cgi.c:636]--buf = {
    "count": 4,
    "start": 0
}

[2021-08-03 17:41:50]--[src_cgi/sharefiles_cgi.c:645]--start = 0, count = 4
[2021-08-03 17:41:50]--[src_cgi/sharefiles_cgi.c:172]--select share_file_list.*, file_info.url, file_info.size, file_info.type from file_info, share_file_list where file_info.md5 = share_file_list.md5 limit 0, 4 在操作
[2021-08-03 17:41:50]--[src_cgi/sharefiles_cgi.c:292]--{
	"files":	[{
			"user":	"sungs",
			"md5":	"a909314045ca61835c964e84148b9fb3",
			"time":	"2021-08-02 15:48:37",
			"filename":	"cfg.json",
			"share_status":	1,
			"pv":	0,
			"url":	"http://10.211.55.11:80/group1/M00/00/00/CtM3C2EG5SaAE9nNAAABFk3uqHc99.json",
			"size":	0,
			"type":	"json"
		}, {
			"user":	"sungs",
			"md5":	"c72d7d348a26167e4a68eabb39a8b893",
			"time":	"2021-08-02 16:12:16",
			"filename":	"IMG_7700.JPG",
			"share_status":	1,
			"pv":	0,
			"url":	"http://10.211.55.11:80/group1/M00/00/00/CtM3C2EFQxyACHdbAAAAAAAAAAA394.JPG",
			"size":	0,
			"type":	"JPG"
		}, {
			"user":	"sungs",
			"md5":	"706b1fc44db0270fffa81751e866c071",
			"time":	"2021-08-02 16:12:32",
			"filename":	"IMG_8001.PNG",
			"share_status":	1,
			"pv":	0,
			"url":	"http://10.211.55.11:80/group1/M00/00/00/CtM3C2EFa0OAeTTPAEvcbLMuAOA794.PNG",
			"size":	0,
			"type":	"PNG"
		}, {
			"user":	"sungs",
			"md5":	"90dad3285063133a59da5ba592ab540e",
			"time":	"2021-08-02 23:05:52",
			"filename":	"孙国盛 C:C++软件开发.md",
			"share_status":	1,
			"pv":	1,
			"url":	"http://10.211.55.11:80/group1/M00/00/00/CtM3C2EFNxuAcicPAAAF4rT1Cmo6360.md",
			"size":	0,
			"type":	"md"
		}]
}
[2021-08-03 17:41:51]--[src_cgi/sharefiles_cgi.c:598]--cmd = count
[2021-08-03 17:41:51]--[src_cgi/sharefiles_cgi.c:85]--line = 4
[2021-08-03 17:41:51]--[src_cgi/sharefiles_cgi.c:598]--cmd = pvdesc
[2021-08-03 17:41:51]--[src_cgi/sharefiles_cgi.c:636]--buf = {
    "count": 4,
    "start": 0
}

[2021-08-03 17:41:51]--[src_cgi/sharefiles_cgi.c:645]--start = 0, count = 4
[2021-08-03 17:41:51]--[src_cgi/sharefiles_cgi.c:399]--sql_num = 4, redis_num = 4
[2021-08-03 17:41:51]--[src_cgi/sharefiles_cgi.c:529]--{
	"files":	[{
			"filename":	"孙国盛 C:C++软件开发.md",
			"pv":	1
		}, {
			"filename":	"IMG_7700.JPG",
			"pv":	0
		}, {
			"filename":	"cfg.json",
			"pv":	0
		}, {
			"filename":	"IMG_8001.PNG",
			"pv":	0
		}]
}
[2021-08-03 17:42:00]--[src_cgi/sharefiles_cgi.c:598]--cmd = count
[2021-08-03 17:42:00]--[src_cgi/sharefiles_cgi.c:85]--line = 4
[2021-08-03 17:42:00]--[src_cgi/sharefiles_cgi.c:598]--cmd = pvdesc
[2021-08-03 17:42:00]--[src_cgi/sharefiles_cgi.c:636]--buf = {
    "count": 4,
    "start": 0
}

[2021-08-03 17:42:00]--[src_cgi/sharefiles_cgi.c:645]--start = 0, count = 4
[2021-08-03 17:42:00]--[src_cgi/sharefiles_cgi.c:399]--sql_num = 4, redis_num = 4
[2021-08-03 17:42:00]--[src_cgi/sharefiles_cgi.c:529]--{
	"files":	[{
			"filename":	"孙国盛 C:C++软件开发.md",
			"pv":	1
		}, {
			"filename":	"IMG_7700.JPG",
			"pv":	0
		}, {
			"filename":	"cfg.json",
			"pv":	0
		}, {
			"filename":	"IMG_8001.PNG",
			"pv":	0
		}]
}
[2021-08-03 17:43:13]--[src_cgi/sharefiles_cgi.c:598]--cmd = count
[2021-08-03 17:43:13]--[src_cgi/sharefiles_cgi.c:85]--line = 4
[2021-08-03 17:43:13]--[src_cgi/sharefiles_cgi.c:598]--cmd = normal
[2021-08-03 17:43:13]--[src_cgi/sharefiles_cgi.c:636]--buf = {
    "count": 4,
    "start": 0
}

[2021-08-03 17:43:13]--[src_cgi/sharefiles_cgi.c:645]--start = 0, count = 4
[2021-08-03 17:43:13]--[src_cgi/sharefiles_cgi.c:172]--select share_file_list.*, file_info.url, file_info.size, file_info.type from file_info, share_file_list where file_info.md5 = share_file_list.md5 limit 0, 4 在操作
[2021-08-03 17:43:13]--[src_cgi/sharefiles_cgi.c:292]--{
	"files":	[{
			"user":	"sungs",
			"md5":	"a909314045ca61835c964e84148b9fb3",
			"time":	"2021-08-02 15:48:37",
			"filename":	"cfg.json",
			"share_status":	1,
			"pv":	0,
			"url":	"http://10.211.55.11:80/group1/M00/00/00/CtM3C2EG5SaAE9nNAAABFk3uqHc99.json",
			"size":	0,
			"type":	"json"
		}, {
			"user":	"sungs",
			"md5":	"c72d7d348a26167e4a68eabb39a8b893",
			"time":	"2021-08-02 16:12:16",
			"filename":	"IMG_7700.JPG",
			"share_status":	1,
			"pv":	0,
			"url":	"http://10.211.55.11:80/group1/M00/00/00/CtM3C2EFQxyACHdbAAAAAAAAAAA394.JPG",
			"size":	0,
			"type":	"JPG"
		}, {
			"user":	"sungs",
			"md5":	"706b1fc44db0270fffa81751e866c071",
			"time":	"2021-08-02 16:12:32",
			"filename":	"IMG_8001.PNG",
			"share_status":	1,
			"pv":	0,
			"url":	"http://10.211.55.11:80/group1/M00/00/00/CtM3C2EFa0OAeTTPAEvcbLMuAOA794.PNG",
			"size":	0,
			"type":	"PNG"
		}, {
			"user":	"sungs",
			"md5":	"90dad3285063133a59da5ba592ab540e",
			"time":	"2021-08-02 23:05:52",
			"filename":	"孙国盛 C:C++软件开发.md",
			"share_status":	1,
			"pv":	1,
			"url":	"http://10.211.55.11:80/group1/M00/00/00/CtM3C2EFNxuAcicPAAAF4rT1Cmo6360.md",
			"size":	0,
			"type":	"md"
		}]
}
[2021-08-03 17:43:13]--[src_cgi/sharefiles_cgi.c:598]--cmd = count
[2021-08-03 17:43:13]--[src_cgi/sharefiles_cgi.c:85]--line = 4
[2021-08-03 17:43:13]--[src_cgi/sharefiles_cgi.c:598]--cmd = pvdesc
[2021-08-03 17:43:13]--[src_cgi/sharefiles_cgi.c:636]--buf = {
    "count": 4,
    "start": 0
}

[2021-08-03 17:43:13]--[src_cgi/sharefiles_cgi.c:645]--start = 0, count = 4
[2021-08-03 17:43:13]--[src_cgi/sharefiles_cgi.c:399]--sql_num = 4, redis_num = 4
[2021-08-03 17:43:13]--[src_cgi/sharefiles_cgi.c:529]--{
	"files":	[{
			"filename":	"孙国盛 C:C++软件开发.md",
			"pv":	1
		}, {
			"filename":	"IMG_7700.JPG",
			"pv":	0
		}, {
			"filename":	"cfg.json",
			"pv":	0
		}, {
			"filename":	"IMG_8001.PNG",
			"pv":	0
		}]
}
[2021-08-03 17:44:16]--[src_cgi/sharefiles_cgi.c:598]--cmd = count
[2021-08-03 17:44:16]--[src_cgi/sharefiles_cgi.c:85]--line = 4
[2021-08-03 17:44:16]--[src_cgi/sharefiles_cgi.c:598]--cmd = pvdesc
[2021-08-03 17:44:16]--[src_cgi/sharefiles_cgi.c:636]--buf = {
    "count": 4,
    "start": 0
}

[2021-08-03 17:44:16]--[src_cgi/sharefiles_cgi.c:645]--start = 0, count = 4
[2021-08-03 17:44:16]--[src_cgi/sharefiles_cgi.c:399]--sql_num = 4, redis_num = 4
[2021-08-03 17:44:16]--[src_cgi/sharefiles_cgi.c:529]--{
	"files":	[{
			"filename":	"孙国盛 C:C++软件开发.md",
			"pv":	1
		}, {
			"filename":	"IMG_7700.JPG",
			"pv":	0
		}, {
			"filename":	"cfg.json",
			"pv":	0
		}, {
			"filename":	"IMG_8001.PNG",
			"pv":	0
		}]
}
[2021-08-03 17:46:19]--[src_cgi/sharefiles_cgi.c:598]--cmd = count
[2021-08-03 17:46:19]--[src_cgi/sharefiles_cgi.c:85]--line = 4
[2021-08-03 17:46:19]--[src_cgi/sharefiles_cgi.c:598]--cmd = pvdesc
[2021-08-03 17:46:19]--[src_cgi/sharefiles_cgi.c:636]--buf = {
    "count": 4,
    "start": 0
}

[2021-08-03 17:46:19]--[src_cgi/sharefiles_cgi.c:645]--start = 0, count = 4
[2021-08-03 17:46:19]--[src_cgi/sharefiles_cgi.c:399]--sql_num = 4, redis_num = 4
[2021-08-03 17:46:19]--[src_cgi/sharefiles_cgi.c:529]--{
	"files":	[{
			"filename":	"孙国盛 C:C++软件开发.md",
			"pv":	1
		}, {
			"filename":	"IMG_7700.JPG",
			"pv":	0
		}, {
			"filename":	"cfg.json",
			"pv":	0
		}, {
			"filename":	"IMG_8001.PNG",
			"pv":	0
		}]
}
[2021-08-03 17:46:20]--[src_cgi/sharefiles_cgi.c:598]--cmd = count
[2021-08-03 17:46:20]--[src_cgi/sharefiles_cgi.c:85]--line = 4
[2021-08-03 17:46:20]--[src_cgi/sharefiles_cgi.c:598]--cmd = normal
[2021-08-03 17:46:20]--[src_cgi/sharefiles_cgi.c:636]--buf = {
    "count": 4,
    "start": 0
}

[2021-08-03 17:46:20]--[src_cgi/sharefiles_cgi.c:645]--start = 0, count = 4
[2021-08-03 17:46:20]--[src_cgi/sharefiles_cgi.c:172]--select share_file_list.*, file_info.url, file_info.size, file_info.type from file_info, share_file_list where file_info.md5 = share_file_list.md5 limit 0, 4 在操作
[2021-08-03 17:46:20]--[src_cgi/sharefiles_cgi.c:292]--{
	"files":	[{
			"user":	"sungs",
			"md5":	"a909314045ca61835c964e84148b9fb3",
			"time":	"2021-08-02 15:48:37",
			"filename":	"cfg.json",
			"share_status":	1,
			"pv":	0,
			"url":	"http://10.211.55.11:80/group1/M00/00/00/CtM3C2EG5SaAE9nNAAABFk3uqHc99.json",
			"size":	0,
			"type":	"json"
		}, {
			"user":	"sungs",
			"md5":	"c72d7d348a26167e4a68eabb39a8b893",
			"time":	"2021-08-02 16:12:16",
			"filename":	"IMG_7700.JPG",
			"share_status":	1,
			"pv":	0,
			"url":	"http://10.211.55.11:80/group1/M00/00/00/CtM3C2EFQxyACHdbAAAAAAAAAAA394.JPG",
			"size":	0,
			"type":	"JPG"
		}, {
			"user":	"sungs",
			"md5":	"706b1fc44db0270fffa81751e866c071",
			"time":	"2021-08-02 16:12:32",
			"filename":	"IMG_8001.PNG",
			"share_status":	1,
			"pv":	0,
			"url":	"http://10.211.55.11:80/group1/M00/00/00/CtM3C2EFa0OAeTTPAEvcbLMuAOA794.PNG",
			"size":	0,
			"type":	"PNG"
		}, {
			"user":	"sungs",
			"md5":	"90dad3285063133a59da5ba592ab540e",
			"time":	"2021-08-02 23:05:52",
			"filename":	"孙国盛 C:C++软件开发.md",
			"share_status":	1,
			"pv":	1,
			"url":	"http://10.211.55.11:80/group1/M00/00/00/CtM3C2EFNxuAcicPAAAF4rT1Cmo6360.md",
			"size":	0,
			"type":	"md"
		}]
}
[2021-08-03 17:46:20]--[src_cgi/sharefiles_cgi.c:598]--cmd = count
[2021-08-03 17:46:20]--[src_cgi/sharefiles_cgi.c:85]--line = 4
[2021-08-03 17:46:20]--[src_cgi/sharefiles_cgi.c:598]--cmd = pvdesc
[2021-08-03 17:46:20]--[src_cgi/sharefiles_cgi.c:636]--buf = {
    "count": 4,
    "start": 0
}

[2021-08-03 17:46:20]--[src_cgi/sharefiles_cgi.c:645]--start = 0, count = 4
[2021-08-03 17:46:20]--[src_cgi/sharefiles_cgi.c:399]--sql_num = 4, redis_num = 4
[2021-08-03 17:46:20]--[src_cgi/sharefiles_cgi.c:529]--{
	"files":	[{
			"filename":	"孙国盛 C:C++软件开发.md",
			"pv":	1
		}, {
			"filename":	"IMG_7700.JPG",
			"pv":	0
		}, {
			"filename":	"cfg.json",
			"pv":	0
		}, {
			"filename":	"IMG_8001.PNG",
			"pv":	0
		}]
}
[2021-08-03 17:46:22]--[src_cgi/sharefiles_cgi.c:598]--cmd = count
[2021-08-03 17:46:22]--[src_cgi/sharefiles_cgi.c:85]--line = 4
[2021-08-03 17:46:22]--[src_cgi/sharefiles_cgi.c:598]--cmd = normal
[2021-08-03 17:46:22]--[src_cgi/sharefiles_cgi.c:636]--buf = {
    "count": 4,
    "start": 0
}

[2021-08-03 17:46:22]--[src_cgi/sharefiles_cgi.c:645]--start = 0, count = 4
[2021-08-03 17:46:22]--[src_cgi/sharefiles_cgi.c:172]--select share_file_list.*, file_info.url, file_info.size, file_info.type from file_info, share_file_list where file_info.md5 = share_file_list.md5 limit 0, 4 在操作
[2021-08-03 17:46:22]--[src_cgi/sharefiles_cgi.c:292]--{
	"files":	[{
			"user":	"sungs",
			"md5":	"a909314045ca61835c964e84148b9fb3",
			"time":	"2021-08-02 15:48:37",
			"filename":	"cfg.json",
			"share_status":	1,
			"pv":	0,
			"url":	"http://10.211.55.11:80/group1/M00/00/00/CtM3C2EG5SaAE9nNAAABFk3uqHc99.json",
			"size":	0,
			"type":	"json"
		}, {
			"user":	"sungs",
			"md5":	"c72d7d348a26167e4a68eabb39a8b893",
			"time":	"2021-08-02 16:12:16",
			"filename":	"IMG_7700.JPG",
			"share_status":	1,
			"pv":	0,
			"url":	"http://10.211.55.11:80/group1/M00/00/00/CtM3C2EFQxyACHdbAAAAAAAAAAA394.JPG",
			"size":	0,
			"type":	"JPG"
		}, {
			"user":	"sungs",
			"md5":	"706b1fc44db0270fffa81751e866c071",
			"time":	"2021-08-02 16:12:32",
			"filename":	"IMG_8001.PNG",
			"share_status":	1,
			"pv":	0,
			"url":	"http://10.211.55.11:80/group1/M00/00/00/CtM3C2EFa0OAeTTPAEvcbLMuAOA794.PNG",
			"size":	0,
			"type":	"PNG"
		}, {
			"user":	"sungs",
			"md5":	"90dad3285063133a59da5ba592ab540e",
			"time":	"2021-08-02 23:05:52",
			"filename":	"孙国盛 C:C++软件开发.md",
			"share_status":	1,
			"pv":	1,
			"url":	"http://10.211.55.11:80/group1/M00/00/00/CtM3C2EFNxuAcicPAAAF4rT1Cmo6360.md",
			"size":	0,
			"type":	"md"
		}]
}
[2021-08-03 17:46:22]--[src_cgi/sharefiles_cgi.c:598]--cmd = count
[2021-08-03 17:46:22]--[src_cgi/sharefiles_cgi.c:85]--line = 4
[2021-08-03 17:46:22]--[src_cgi/sharefiles_cgi.c:598]--cmd = pvdesc
[2021-08-03 17:46:22]--[src_cgi/sharefiles_cgi.c:636]--buf = {
    "count": 4,
    "start": 0
}

[2021-08-03 17:46:22]--[src_cgi/sharefiles_cgi.c:645]--start = 0, count = 4
[2021-08-03 17:46:22]--[src_cgi/sharefiles_cgi.c:399]--sql_num = 4, redis_num = 4
[2021-08-03 17:46:22]--[src_cgi/sharefiles_cgi.c:529]--{
	"files":	[{
			"filename":	"孙国盛 C:C++软件开发.md",
			"pv":	1
		}, {
			"filename":	"IMG_7700.JPG",
			"pv":	0
		}, {
			"filename":	"cfg.json",
			"pv":	0
		}, {
			"filename":	"IMG_8001.PNG",
			"pv":	0
		}]
}
[2021-08-03 17:46:23]--[src_cgi/sharefiles_cgi.c:598]--cmd = count
[2021-08-03 17:46:23]--[src_cgi/sharefiles_cgi.c:85]--line = 4
[2021-08-03 17:46:23]--[src_cgi/sharefiles_cgi.c:598]--cmd = normal
[2021-08-03 17:46:23]--[src_cgi/sharefiles_cgi.c:636]--buf = {
    "count": 4,
    "start": 0
}

[2021-08-03 17:46:23]--[src_cgi/sharefiles_cgi.c:645]--start = 0, count = 4
[2021-08-03 17:46:23]--[src_cgi/sharefiles_cgi.c:172]--select share_file_list.*, file_info.url, file_info.size, file_info.type from file_info, share_file_list where file_info.md5 = share_file_list.md5 limit 0, 4 在操作
[2021-08-03 17:46:23]--[src_cgi/sharefiles_cgi.c:292]--{
	"files":	[{
			"user":	"sungs",
			"md5":	"a909314045ca61835c964e84148b9fb3",
			"time":	"2021-08-02 15:48:37",
			"filename":	"cfg.json",
			"share_status":	1,
			"pv":	0,
			"url":	"http://10.211.55.11:80/group1/M00/00/00/CtM3C2EG5SaAE9nNAAABFk3uqHc99.json",
			"size":	0,
			"type":	"json"
		}, {
			"user":	"sungs",
			"md5":	"c72d7d348a26167e4a68eabb39a8b893",
			"time":	"2021-08-02 16:12:16",
			"filename":	"IMG_7700.JPG",
			"share_status":	1,
			"pv":	0,
			"url":	"http://10.211.55.11:80/group1/M00/00/00/CtM3C2EFQxyACHdbAAAAAAAAAAA394.JPG",
			"size":	0,
			"type":	"JPG"
		}, {
			"user":	"sungs",
			"md5":	"706b1fc44db0270fffa81751e866c071",
			"time":	"2021-08-02 16:12:32",
			"filename":	"IMG_8001.PNG",
			"share_status":	1,
			"pv":	0,
			"url":	"http://10.211.55.11:80/group1/M00/00/00/CtM3C2EFa0OAeTTPAEvcbLMuAOA794.PNG",
			"size":	0,
			"type":	"PNG"
		}, {
			"user":	"sungs",
			"md5":	"90dad3285063133a59da5ba592ab540e",
			"time":	"2021-08-02 23:05:52",
			"filename":	"孙国盛 C:C++软件开发.md",
			"share_status":	1,
			"pv":	1,
			"url":	"http://10.211.55.11:80/group1/M00/00/00/CtM3C2EFNxuAcicPAAAF4rT1Cmo6360.md",
			"size":	0,
			"type":	"md"
		}]
}
[2021-08-03 17:46:24]--[src_cgi/sharefiles_cgi.c:598]--cmd = count
[2021-08-03 17:46:24]--[src_cgi/sharefiles_cgi.c:85]--line = 4
[2021-08-03 17:46:24]--[src_cgi/sharefiles_cgi.c:598]--cmd = pvdesc
[2021-08-03 17:46:24]--[src_cgi/sharefiles_cgi.c:636]--buf = {
    "count": 4,
    "start": 0
}

[2021-08-03 17:46:24]--[src_cgi/sharefiles_cgi.c:645]--start = 0, count = 4
[2021-08-03 17:46:24]--[src_cgi/sharefiles_cgi.c:399]--sql_num = 4, redis_num = 4
[2021-08-03 17:46:24]--[src_cgi/sharefiles_cgi.c:529]--{
	"files":	[{
			"filename":	"孙国盛 C:C++软件开发.md",
			"pv":	1
		}, {
			"filename":	"IMG_7700.JPG",
			"pv":	0
		}, {
			"filename":	"cfg.json",
			"pv":	0
		}, {
			"filename":	"IMG_8001.PNG",
			"pv":	0
		}]
}
[2021-08-03 17:47:28]--[src_cgi/sharefiles_cgi.c:598]--cmd = count
[2021-08-03 17:47:28]--[src_cgi/sharefiles_cgi.c:85]--line = 4
[2021-08-03 17:47:28]--[src_cgi/sharefiles_cgi.c:598]--cmd = normal
[2021-08-03 17:47:28]--[src_cgi/sharefiles_cgi.c:636]--buf = {
    "count": 4,
    "start": 0
}

[2021-08-03 17:47:28]--[src_cgi/sharefiles_cgi.c:645]--start = 0, count = 4
[2021-08-03 17:47:28]--[src_cgi/sharefiles_cgi.c:172]--select share_file_list.*, file_info.url, file_info.size, file_info.type from file_info, share_file_list where file_info.md5 = share_file_list.md5 limit 0, 4 在操作
[2021-08-03 17:47:28]--[src_cgi/sharefiles_cgi.c:292]--{
	"files":	[{
			"user":	"sungs",
			"md5":	"a909314045ca61835c964e84148b9fb3",
			"time":	"2021-08-02 15:48:37",
			"filename":	"cfg.json",
			"share_status":	1,
			"pv":	0,
			"url":	"http://10.211.55.11:80/group1/M00/00/00/CtM3C2EG5SaAE9nNAAABFk3uqHc99.json",
			"size":	0,
			"type":	"json"
		}, {
			"user":	"sungs",
			"md5":	"c72d7d348a26167e4a68eabb39a8b893",
			"time":	"2021-08-02 16:12:16",
			"filename":	"IMG_7700.JPG",
			"share_status":	1,
			"pv":	0,
			"url":	"http://10.211.55.11:80/group1/M00/00/00/CtM3C2EFQxyACHdbAAAAAAAAAAA394.JPG",
			"size":	0,
			"type":	"JPG"
		}, {
			"user":	"sungs",
			"md5":	"706b1fc44db0270fffa81751e866c071",
			"time":	"2021-08-02 16:12:32",
			"filename":	"IMG_8001.PNG",
			"share_status":	1,
			"pv":	0,
			"url":	"http://10.211.55.11:80/group1/M00/00/00/CtM3C2EFa0OAeTTPAEvcbLMuAOA794.PNG",
			"size":	0,
			"type":	"PNG"
		}, {
			"user":	"sungs",
			"md5":	"90dad3285063133a59da5ba592ab540e",
			"time":	"2021-08-02 23:05:52",
			"filename":	"孙国盛 C:C++软件开发.md",
			"share_status":	1,
			"pv":	1,
			"url":	"http://10.211.55.11:80/group1/M00/00/00/CtM3C2EFNxuAcicPAAAF4rT1Cmo6360.md",
			"size":	0,
			"type":	"md"
		}]
}
[2021-08-03 17:47:29]--[src_cgi/sharefiles_cgi.c:598]--cmd = count
[2021-08-03 17:47:29]--[src_cgi/sharefiles_cgi.c:85]--line = 4
[2021-08-03 17:47:29]--[src_cgi/sharefiles_cgi.c:598]--cmd = pvdesc
[2021-08-03 17:47:29]--[src_cgi/sharefiles_cgi.c:636]--buf = {
    "count": 4,
    "start": 0
}

[2021-08-03 17:47:29]--[src_cgi/sharefiles_cgi.c:645]--start = 0, count = 4
[2021-08-03 17:47:29]--[src_cgi/sharefiles_cgi.c:399]--sql_num = 4, redis_num = 4
[2021-08-03 17:47:29]--[src_cgi/sharefiles_cgi.c:529]--{
	"files":	[{
			"filename":	"孙国盛 C:C++软件开发.md",
			"pv":	1
		}, {
			"filename":	"IMG_7700.JPG",
			"pv":	0
		}, {
			"filename":	"cfg.json",
			"pv":	0
		}, {
			"filename":	"IMG_8001.PNG",
			"pv":	0
		}]
}
[2021-08-03 17:48:17]--[src_cgi/sharefiles_cgi.c:598]--cmd = count
[2021-08-03 17:48:17]--[src_cgi/sharefiles_cgi.c:85]--line = 4
[2021-08-03 17:48:17]--[src_cgi/sharefiles_cgi.c:598]--cmd = normal
[2021-08-03 17:48:17]--[src_cgi/sharefiles_cgi.c:636]--buf = {
    "count": 4,
    "start": 0
}

[2021-08-03 17:48:17]--[src_cgi/sharefiles_cgi.c:645]--start = 0, count = 4
[2021-08-03 17:48:17]--[src_cgi/sharefiles_cgi.c:172]--select share_file_list.*, file_info.url, file_info.size, file_info.type from file_info, share_file_list where file_info.md5 = share_file_list.md5 limit 0, 4 在操作
[2021-08-03 17:48:17]--[src_cgi/sharefiles_cgi.c:194]--mysql_num_rows(res_set) failed
[2021-08-03 17:49:21]--[src_cgi/sharefiles_cgi.c:598]--cmd = count
[2021-08-03 17:49:21]--[src_cgi/sharefiles_cgi.c:73]--select count from user_file_count where user="xxx_share_xxx_file_xxx_list_xxx_count_xxx" 操作失败
[2021-08-03 17:49:21]--[src_cgi/sharefiles_cgi.c:85]--line = 0
[2021-08-03 17:49:22]--[src_cgi/sharefiles_cgi.c:598]--cmd = count
[2021-08-03 17:49:22]--[src_cgi/sharefiles_cgi.c:73]--select count from user_file_count where user="xxx_share_xxx_file_xxx_list_xxx_count_xxx" 操作失败
[2021-08-03 17:49:22]--[src_cgi/sharefiles_cgi.c:85]--line = 0
[2021-08-03 17:49:43]--[src_cgi/sharefiles_cgi.c:598]--cmd = count
[2021-08-03 17:49:43]--[src_cgi/sharefiles_cgi.c:73]--select count from user_file_count where user="xxx_share_xxx_file_xxx_list_xxx_count_xxx" 操作失败
[2021-08-03 17:49:43]--[src_cgi/sharefiles_cgi.c:85]--line = 0
[2021-08-03 17:49:44]--[src_cgi/sharefiles_cgi.c:598]--cmd = count
[2021-08-03 17:49:44]--[src_cgi/sharefiles_cgi.c:73]--select count from user_file_count where user="xxx_share_xxx_file_xxx_list_xxx_count_xxx" 操作失败
[2021-08-03 17:49:44]--[src_cgi/sharefiles_cgi.c:85]--line = 0
[2021-08-03 17:49:50]--[src_cgi/sharefiles_cgi.c:598]--cmd = count
[2021-08-03 17:49:50]--[src_cgi/sharefiles_cgi.c:85]--line = 1
[2021-08-03 17:49:50]--[src_cgi/sharefiles_cgi.c:598]--cmd = normal
[2021-08-03 17:49:50]--[src_cgi/sharefiles_cgi.c:636]--buf = {
    "count": 1,
    "start": 0
}

[2021-08-03 17:49:50]--[src_cgi/sharefiles_cgi.c:645]--start = 0, count = 1
[2021-08-03 17:49:50]--[src_cgi/sharefiles_cgi.c:172]--select share_file_list.*, file_info.url, file_info.size, file_info.type from file_info, share_file_list where file_info.md5 = share_file_list.md5 limit 0, 1 在操作
[2021-08-03 17:49:50]--[src_cgi/sharefiles_cgi.c:292]--{
	"files":	[{
			"user":	"sungs",
			"md5":	"e8c3baa9689022e822bb31b0eab8dd17",
			"time":	"2021-08-03 17:49:48",
			"filename":	"202107162119 (1).mp4",
			"share_status":	1,
			"pv":	0,
			"url":	"http://10.211.55.11:80/group1/M00/00/00/CtM3C2EJETCAIKw2ACQJK66pcr4162.mp4",
			"size":	2361643,
			"type":	"mp4"
		}]
}
[2021-08-03 17:49:51]--[src_cgi/sharefiles_cgi.c:598]--cmd = count
[2021-08-03 17:49:51]--[src_cgi/sharefiles_cgi.c:85]--line = 1
[2021-08-03 17:49:51]--[src_cgi/sharefiles_cgi.c:598]--cmd = pvdesc
[2021-08-03 17:49:51]--[src_cgi/sharefiles_cgi.c:636]--buf = {
    "count": 1,
    "start": 0
}

[2021-08-03 17:49:51]--[src_cgi/sharefiles_cgi.c:645]--start = 0, count = 1
[2021-08-03 17:49:51]--[src_cgi/sharefiles_cgi.c:399]--sql_num = 1, redis_num = 5
[2021-08-03 17:49:51]--[src_cgi/sharefiles_cgi.c:413]--select md5, filename, pv from share_file_list order by pv desc 在操作
[2021-08-03 17:49:51]--[src_cgi/sharefiles_cgi.c:529]--{
	"files":	[{
			"filename":	"202107162119 (1).mp4",
			"pv":	0
		}]
}
[2021-08-03 17:50:06]--[src_cgi/sharefiles_cgi.c:598]--cmd = count
[2021-08-03 17:50:06]--[src_cgi/sharefiles_cgi.c:85]--line = 2
[2021-08-03 17:50:06]--[src_cgi/sharefiles_cgi.c:598]--cmd = pvdesc
[2021-08-03 17:50:06]--[src_cgi/sharefiles_cgi.c:636]--buf = {
    "count": 2,
    "start": 0
}

[2021-08-03 17:50:06]--[src_cgi/sharefiles_cgi.c:645]--start = 0, count = 2
[2021-08-03 17:50:06]--[src_cgi/sharefiles_cgi.c:399]--sql_num = 2, redis_num = 2
[2021-08-03 17:50:06]--[src_cgi/sharefiles_cgi.c:529]--{
	"files":	[{
			"filename":	"202107162119 (1).mp4",
			"pv":	0
		}, {
			"filename":	"202107162119.mp4",
			"pv":	0
		}]
}
[2021-08-03 17:50:22]--[src_cgi/sharefiles_cgi.c:598]--cmd = count
[2021-08-03 17:50:22]--[src_cgi/sharefiles_cgi.c:85]--line = 2
[2021-08-03 17:50:22]--[src_cgi/sharefiles_cgi.c:598]--cmd = pvdesc
[2021-08-03 17:50:22]--[src_cgi/sharefiles_cgi.c:636]--buf = {
    "count": 2,
    "start": 0
}

[2021-08-03 17:50:22]--[src_cgi/sharefiles_cgi.c:645]--start = 0, count = 2
[2021-08-03 17:50:22]--[src_cgi/sharefiles_cgi.c:399]--sql_num = 2, redis_num = 2
[2021-08-03 17:50:22]--[src_cgi/sharefiles_cgi.c:529]--{
	"files":	[{
			"filename":	"202107162119 (1).mp4",
			"pv":	0
		}, {
			"filename":	"202107162119.mp4",
			"pv":	0
		}]
}
[2021-08-03 17:50:24]--[src_cgi/sharefiles_cgi.c:598]--cmd = count
[2021-08-03 17:50:24]--[src_cgi/sharefiles_cgi.c:85]--line = 2
[2021-08-03 17:50:24]--[src_cgi/sharefiles_cgi.c:598]--cmd = pvdesc
[2021-08-03 17:50:24]--[src_cgi/sharefiles_cgi.c:636]--buf = {
    "count": 2,
    "start": 0
}

[2021-08-03 17:50:24]--[src_cgi/sharefiles_cgi.c:645]--start = 0, count = 2
[2021-08-03 17:50:24]--[src_cgi/sharefiles_cgi.c:399]--sql_num = 2, redis_num = 2
[2021-08-03 17:50:24]--[src_cgi/sharefiles_cgi.c:529]--{
	"files":	[{
			"filename":	"202107162119 (1).mp4",
			"pv":	0
		}, {
			"filename":	"202107162119.mp4",
			"pv":	0
		}]
}
[2021-08-03 17:52:41]--[src_cgi/sharefiles_cgi.c:598]--cmd = count
[2021-08-03 17:52:41]--[src_cgi/sharefiles_cgi.c:85]--line = 2
[2021-08-03 17:52:41]--[src_cgi/sharefiles_cgi.c:598]--cmd = pvdesc
[2021-08-03 17:52:41]--[src_cgi/sharefiles_cgi.c:636]--buf = {
    "count": 2,
    "start": 0
}

[2021-08-03 17:52:41]--[src_cgi/sharefiles_cgi.c:645]--start = 0, count = 2
[2021-08-03 17:52:41]--[src_cgi/sharefiles_cgi.c:399]--sql_num = 2, redis_num = 2
[2021-08-03 17:52:41]--[src_cgi/sharefiles_cgi.c:529]--{
	"files":	[{
			"filename":	"202107162119 (1).mp4",
			"pv":	0
		}, {
			"filename":	"202107162119.mp4",
			"pv":	0
		}]
}
[2021-08-03 17:52:41]--[src_cgi/sharefiles_cgi.c:598]--cmd = count
[2021-08-03 17:52:41]--[src_cgi/sharefiles_cgi.c:85]--line = 2
[2021-08-03 17:52:41]--[src_cgi/sharefiles_cgi.c:598]--cmd = normal
[2021-08-03 17:52:41]--[src_cgi/sharefiles_cgi.c:636]--buf = {
    "count": 2,
    "start": 0
}

[2021-08-03 17:52:41]--[src_cgi/sharefiles_cgi.c:645]--start = 0, count = 2
[2021-08-03 17:52:41]--[src_cgi/sharefiles_cgi.c:172]--select share_file_list.*, file_info.url, file_info.size, file_info.type from file_info, share_file_list where file_info.md5 = share_file_list.md5 limit 0, 2 在操作
[2021-08-03 17:52:41]--[src_cgi/sharefiles_cgi.c:292]--{
	"files":	[{
			"user":	"sungs",
			"md5":	"e8c3baa9689022e822bb31b0eab8dd17",
			"time":	"2021-08-03 17:49:48",
			"filename":	"202107162119 (1).mp4",
			"share_status":	1,
			"pv":	0,
			"url":	"http://10.211.55.11:80/group1/M00/00/00/CtM3C2EJETCAIKw2ACQJK66pcr4162.mp4",
			"size":	2361643,
			"type":	"mp4"
		}, {
			"user":	"sungs",
			"md5":	"aa306610b46b7d0216c24caa0eba6f8d",
			"time":	"2021-08-03 17:50:04",
			"filename":	"202107162119.mp4",
			"share_status":	1,
			"pv":	0,
			"url":	"http://10.211.55.11:80/group1/M00/00/00/CtM3C2EJETKAEew6Ad0A2y5S988436.mp4",
			"size":	31260891,
			"type":	"mp4"
		}]
}
[2021-08-03 17:52:42]--[src_cgi/sharefiles_cgi.c:598]--cmd = count
[2021-08-03 17:52:42]--[src_cgi/sharefiles_cgi.c:85]--line = 2
[2021-08-03 17:52:42]--[src_cgi/sharefiles_cgi.c:598]--cmd = normal
[2021-08-03 17:52:42]--[src_cgi/sharefiles_cgi.c:636]--buf = {
    "count": 2,
    "start": 0
}

[2021-08-03 17:52:42]--[src_cgi/sharefiles_cgi.c:645]--start = 0, count = 2
[2021-08-03 17:52:42]--[src_cgi/sharefiles_cgi.c:172]--select share_file_list.*, file_info.url, file_info.size, file_info.type from file_info, share_file_list where file_info.md5 = share_file_list.md5 limit 0, 2 在操作
[2021-08-03 17:52:42]--[src_cgi/sharefiles_cgi.c:292]--{
	"files":	[{
			"user":	"sungs",
			"md5":	"e8c3baa9689022e822bb31b0eab8dd17",
			"time":	"2021-08-03 17:49:48",
			"filename":	"202107162119 (1).mp4",
			"share_status":	1,
			"pv":	0,
			"url":	"http://10.211.55.11:80/group1/M00/00/00/CtM3C2EJETCAIKw2ACQJK66pcr4162.mp4",
			"size":	2361643,
			"type":	"mp4"
		}, {
			"user":	"sungs",
			"md5":	"aa306610b46b7d0216c24caa0eba6f8d",
			"time":	"2021-08-03 17:50:04",
			"filename":	"202107162119.mp4",
			"share_status":	1,
			"pv":	0,
			"url":	"http://10.211.55.11:80/group1/M00/00/00/CtM3C2EJETKAEew6Ad0A2y5S988436.mp4",
			"size":	31260891,
			"type":	"mp4"
		}]
}
[2021-08-03 17:52:43]--[src_cgi/sharefiles_cgi.c:598]--cmd = count
[2021-08-03 17:52:43]--[src_cgi/sharefiles_cgi.c:85]--line = 2
[2021-08-03 17:52:43]--[src_cgi/sharefiles_cgi.c:598]--cmd = pvdesc
[2021-08-03 17:52:43]--[src_cgi/sharefiles_cgi.c:636]--buf = {
    "count": 2,
    "start": 0
}

[2021-08-03 17:52:43]--[src_cgi/sharefiles_cgi.c:645]--start = 0, count = 2
[2021-08-03 17:52:43]--[src_cgi/sharefiles_cgi.c:399]--sql_num = 2, redis_num = 2
[2021-08-03 17:52:43]--[src_cgi/sharefiles_cgi.c:529]--{
	"files":	[{
			"filename":	"202107162119 (1).mp4",
			"pv":	0
		}, {
			"filename":	"202107162119.mp4",
			"pv":	0
		}]
}
