[2021-07-31 15:20:10]--[src_cgi/login_cgi.c:288]--buf = {
    "pwd": "12301230",
    "user": "sungs"
}

[2021-07-31 15:20:10]--[src_cgi/login_cgi.c:294]--user = sungs, pwd = 12301230
[2021-07-31 15:20:10]--[src_cgi/login_cgi.c:101]--mysql_user = root, mysql_pwd = 12301230, mysql_db = cloud_disk
[2021-07-31 15:20:10]--[src_cgi/login_cgi.c:161]--redis:[ip=10.211.55.11,port=6379]
[2021-07-31 15:20:10]--[src_cgi/login_cgi.c:185]--tmp = sungs672853129998
[2021-07-31 15:20:10]--[src_cgi/login_cgi.c:201]--base64 = dWkEY8mdG0tLvokm4rMrelSLR+LwC1FL
[2021-07-31 15:20:10]--[src_cgi/login_cgi.c:303]--token = 43592fd61197b3e410ba11152a157c29
[2021-07-31 15:25:50]--[src_cgi/login_cgi.c:288]--buf = {
    "pwd": "12301230",
    "user": "sungs"
}

[2021-07-31 15:25:50]--[src_cgi/login_cgi.c:294]--user = sungs, pwd = 12301230
[2021-07-31 15:25:50]--[src_cgi/login_cgi.c:101]--mysql_user = root, mysql_pwd = 12301230, mysql_db = cloud_disk
[2021-07-31 15:25:50]--[src_cgi/login_cgi.c:161]--redis:[ip=10.211.55.11,port=6379]
[2021-07-31 15:25:50]--[src_cgi/login_cgi.c:185]--tmp = sungs415621750594
[2021-07-31 15:25:50]--[src_cgi/login_cgi.c:201]--base64 = gc4DZMtp+KNnQ7rl2RTSI5+HwxKUAZ0k
[2021-07-31 15:25:50]--[src_cgi/login_cgi.c:303]--token = 448495370b6355721f3130368c6eefa6
[2021-07-31 15:31:34]--[src_cgi/login_cgi.c:288]--buf = {
    "pwd": "12301230",
    "user": "sungs"
}

[2021-07-31 15:31:34]--[src_cgi/login_cgi.c:294]--user = sungs, pwd = 12301230
[2021-07-31 15:31:34]--[src_cgi/login_cgi.c:101]--mysql_user = root, mysql_pwd = 12301230, mysql_db = cloud_disk
[2021-07-31 15:31:34]--[src_cgi/login_cgi.c:161]--redis:[ip=10.211.55.11,port=6379]
[2021-07-31 15:31:34]--[src_cgi/login_cgi.c:185]--tmp = sungs267284602226
[2021-07-31 15:31:34]--[src_cgi/login_cgi.c:201]--base64 = O0zsBm2KW1nGSz4fZTFtxuwb1egIr+tu
[2021-07-31 15:31:34]--[src_cgi/login_cgi.c:303]--token = 055010d4bc99020925e86eda6ba81dba
[2021-07-31 15:50:09]--[src_cgi/login_cgi.c:288]--buf = {
    "pwd": "12301230",
    "user": "sungs"
}

[2021-07-31 15:50:09]--[src_cgi/login_cgi.c:294]--user = sungs, pwd = 12301230
[2021-07-31 15:50:09]--[src_cgi/login_cgi.c:101]--mysql_user = root, mysql_pwd = 12301230, mysql_db = cloud_disk
[2021-07-31 15:50:09]--[src_cgi/login_cgi.c:161]--redis:[ip=10.211.55.11,port=6379]
[2021-07-31 15:50:09]--[src_cgi/login_cgi.c:185]--tmp = sungs94270751133
[2021-07-31 15:50:09]--[src_cgi/login_cgi.c:201]--base64 = yK1zgGZFc/+fqPnOIM4vKC0ZxLNK7pNJ
[2021-07-31 15:50:09]--[src_cgi/login_cgi.c:303]--token = 5f89acbe23c3cb59f6c65e844cae530c
[2021-07-31 15:52:39]--[src_cgi/login_cgi.c:288]--buf = {
    "pwd": "12301230",
    "user": "sungs"
}

[2021-07-31 15:52:39]--[src_cgi/login_cgi.c:294]--user = sungs, pwd = 12301230
[2021-07-31 15:52:39]--[src_cgi/login_cgi.c:101]--mysql_user = root, mysql_pwd = 12301230, mysql_db = cloud_disk
[2021-07-31 15:52:39]--[src_cgi/login_cgi.c:161]--redis:[ip=10.211.55.11,port=6379]
[2021-07-31 15:52:39]--[src_cgi/login_cgi.c:185]--tmp = sungs154325447539
[2021-07-31 15:52:39]--[src_cgi/login_cgi.c:201]--base64 = w/bQx+Jbb2E3/01t157SjlzqyK7PQug1
[2021-07-31 15:52:39]--[src_cgi/login_cgi.c:303]--token = bdde665c4cf8552d48e698714ce3f087
[2021-07-31 17:40:14]--[src_cgi/login_cgi.c:288]--buf = {
    "pwd": "12301230",
    "user": "sungs"
}

[2021-07-31 17:40:14]--[src_cgi/login_cgi.c:294]--user = sungs, pwd = 12301230
[2021-07-31 17:40:14]--[src_cgi/login_cgi.c:101]--mysql_user = root, mysql_pwd = 12301230, mysql_db = cloud_disk
[2021-07-31 17:40:14]--[src_cgi/login_cgi.c:161]--redis:[ip=10.211.55.11,port=6379]
[2021-07-31 17:40:14]--[src_cgi/login_cgi.c:185]--tmp = sungs16579847806
[2021-07-31 17:40:14]--[src_cgi/login_cgi.c:201]--base64 = GLJD4+0VX3raMrWn7X8Lri0ZxLNK7pNJ
[2021-07-31 17:40:14]--[src_cgi/login_cgi.c:303]--token = f64eed4254bbb4383699e665edcb0338
[2021-07-31 17:56:38]--[src_cgi/login_cgi.c:288]--buf = {
    "pwd": "12301230",
    "user": "sungs"
}

[2021-07-31 17:56:38]--[src_cgi/login_cgi.c:294]--user = sungs, pwd = 12301230
[2021-07-31 17:56:38]--[src_cgi/login_cgi.c:101]--mysql_user = root, mysql_pwd = 12301230, mysql_db = cloud_disk
[2021-07-31 17:56:38]--[src_cgi/login_cgi.c:161]--redis:[ip=10.211.55.11,port=6379]
[2021-07-31 17:56:38]--[src_cgi/login_cgi.c:185]--tmp = sungs79095215213
[2021-07-31 17:56:38]--[src_cgi/login_cgi.c:201]--base64 = ww4p0PqH+1gH69yHvIg+lS0ZxLNK7pNJ
[2021-07-31 17:56:38]--[src_cgi/login_cgi.c:303]--token = b0d46e29fe4a42dfaf4352d5b327556b
[2021-07-31 17:58:53]--[src_cgi/login_cgi.c:288]--buf = {
    "pwd": "12301230",
    "user": "sungs"
}

[2021-07-31 17:58:53]--[src_cgi/login_cgi.c:294]--user = sungs, pwd = 12301230
[2021-07-31 17:58:53]--[src_cgi/login_cgi.c:101]--mysql_user = root, mysql_pwd = 12301230, mysql_db = cloud_disk
[2021-07-31 17:58:53]--[src_cgi/login_cgi.c:161]--redis:[ip=10.211.55.11,port=6379]
[2021-07-31 17:58:53]--[src_cgi/login_cgi.c:185]--tmp = sungs31289043320
[2021-07-31 17:58:53]--[src_cgi/login_cgi.c:201]--base64 = YyDoDeDkDXmisq6l0PcjmC0ZxLNK7pNJ
[2021-07-31 17:58:53]--[src_cgi/login_cgi.c:303]--token = 3caf110b74ede4f28c82f05858092bf3
[2021-07-31 18:08:36]--[src_cgi/login_cgi.c:288]--buf = {
    "pwd": "12301230",
    "user": "sungs"
}

[2021-07-31 18:08:36]--[src_cgi/login_cgi.c:294]--user = sungs, pwd = 12301230
[2021-07-31 18:08:36]--[src_cgi/login_cgi.c:101]--mysql_user = root, mysql_pwd = 12301230, mysql_db = cloud_disk
[2021-07-31 18:08:36]--[src_cgi/login_cgi.c:161]--redis:[ip=10.211.55.11,port=6379]
[2021-07-31 18:08:36]--[src_cgi/login_cgi.c:185]--tmp = sungs771185926699
[2021-07-31 18:08:36]--[src_cgi/login_cgi.c:201]--base64 = Uyci27Wf7911YvBN9E11f1zqyK7PQug1
[2021-07-31 18:08:36]--[src_cgi/login_cgi.c:303]--token = d12fb4bef6dc2f351990417092a7efbe
[2021-07-31 19:41:58]--[src_cgi/login_cgi.c:288]--buf = {
    "pwd": "12301230",
    "user": "sungs"
}

[2021-07-31 19:41:58]--[src_cgi/login_cgi.c:294]--user = sungs, pwd = 12301230
[2021-07-31 19:41:58]--[src_cgi/login_cgi.c:101]--mysql_user = root, mysql_pwd = 12301230, mysql_db = cloud_disk
[2021-07-31 19:41:58]--[src_cgi/login_cgi.c:161]--redis:[ip=10.211.55.11,port=6379]
[2021-07-31 19:41:58]--[src_cgi/login_cgi.c:185]--tmp = sungs818453212344
[2021-07-31 19:41:58]--[src_cgi/login_cgi.c:201]--base64 = 2vxXWzgjD+Ep7u9ULr7iop+HwxKUAZ0k
[2021-07-31 19:41:58]--[src_cgi/login_cgi.c:303]--token = 2b1d7d4b608bf60ca1b5cbd3611ed559
[2021-07-31 20:33:17]--[src_cgi/login_cgi.c:288]--buf = {
    "pwd": "12301230",
    "user": "sungs"
}

[2021-07-31 20:33:17]--[src_cgi/login_cgi.c:294]--user = sungs, pwd = 12301230
[2021-07-31 20:33:17]--[src_cgi/login_cgi.c:101]--mysql_user = root, mysql_pwd = 12301230, mysql_db = cloud_disk
[2021-07-31 20:33:17]--[src_cgi/login_cgi.c:161]--redis:[ip=10.211.55.11,port=6379]
[2021-07-31 20:33:17]--[src_cgi/login_cgi.c:185]--tmp = sungs471832446322
[2021-07-31 20:33:17]--[src_cgi/login_cgi.c:201]--base64 = exlsHiSbozgaW5U5WMJPyHj7pjZQFtzO
[2021-07-31 20:33:17]--[src_cgi/login_cgi.c:303]--token = 9e8218dfc63de480b3916245bf06e00f
[2021-07-31 20:39:54]--[src_cgi/login_cgi.c:288]--buf = {
    "pwd": "12301230",
    "user": "sungs"
}

[2021-07-31 20:39:54]--[src_cgi/login_cgi.c:294]--user = sungs, pwd = 12301230
[2021-07-31 20:39:54]--[src_cgi/login_cgi.c:101]--mysql_user = root, mysql_pwd = 12301230, mysql_db = cloud_disk
[2021-07-31 20:39:54]--[src_cgi/login_cgi.c:161]--redis:[ip=10.211.55.11,port=6379]
[2021-07-31 20:39:54]--[src_cgi/login_cgi.c:185]--tmp = sungs363902758364
[2021-07-31 20:39:54]--[src_cgi/login_cgi.c:201]--base64 = seXMRjuoveBMgJ+S1g26+5+HwxKUAZ0k
[2021-07-31 20:39:54]--[src_cgi/login_cgi.c:303]--token = a4b0059d08ba9238bae9269320d23b2e
[2021-07-31 20:57:38]--[src_cgi/login_cgi.c:288]--buf = {
    "pwd": "12301230",
    "user": "sungs"
}

[2021-07-31 20:57:38]--[src_cgi/login_cgi.c:294]--user = sungs, pwd = 12301230
[2021-07-31 20:57:38]--[src_cgi/login_cgi.c:101]--mysql_user = root, mysql_pwd = 12301230, mysql_db = cloud_disk
[2021-07-31 20:57:38]--[src_cgi/login_cgi.c:161]--redis:[ip=10.211.55.11,port=6379]
[2021-07-31 20:57:38]--[src_cgi/login_cgi.c:185]--tmp = sungs779679549775
[2021-07-31 20:57:38]--[src_cgi/login_cgi.c:201]--base64 = /lunIb+os3rLvFeoCQnLJG+Ut+5trQL2
[2021-07-31 20:57:38]--[src_cgi/login_cgi.c:303]--token = b740efe97a7b9f439848dc9080648f06
[2021-07-31 22:07:56]--[src_cgi/login_cgi.c:288]--buf = {
    "pwd": "12301230",
    "user": "sungs"
}

[2021-07-31 22:07:56]--[src_cgi/login_cgi.c:294]--user = sungs, pwd = 12301230
[2021-07-31 22:07:56]--[src_cgi/login_cgi.c:101]--mysql_user = root, mysql_pwd = 12301230, mysql_db = cloud_disk
[2021-07-31 22:07:56]--[src_cgi/login_cgi.c:161]--redis:[ip=10.211.55.11,port=6379]
[2021-07-31 22:07:56]--[src_cgi/login_cgi.c:185]--tmp = sungs150220986171
[2021-07-31 22:07:56]--[src_cgi/login_cgi.c:201]--base64 = Icj6Rehgx7wBuYSOyGHD6/lvnLKu4lWq
[2021-07-31 22:07:56]--[src_cgi/login_cgi.c:303]--token = 088cabad4eb21caae1842b8a604451dd
[2021-07-31 22:20:31]--[src_cgi/login_cgi.c:288]--buf = {
    "pwd": "12301230",
    "user": "sungs"
}

[2021-07-31 22:20:31]--[src_cgi/login_cgi.c:294]--user = sungs, pwd = 12301230
[2021-07-31 22:20:31]--[src_cgi/login_cgi.c:101]--mysql_user = root, mysql_pwd = 12301230, mysql_db = cloud_disk
[2021-07-31 22:20:31]--[src_cgi/login_cgi.c:161]--redis:[ip=10.211.55.11,port=6379]
[2021-07-31 22:20:31]--[src_cgi/login_cgi.c:185]--tmp = sungs295612752335
[2021-07-31 22:20:31]--[src_cgi/login_cgi.c:201]--base64 = 0/4tL+DKROzDTN4OT18/zm+Ut+5trQL2
[2021-07-31 22:20:31]--[src_cgi/login_cgi.c:303]--token = efd84cb1bfd21b49c09d12d0d769af41
[2021-07-31 22:27:58]--[src_cgi/login_cgi.c:288]--buf = {
    "pwd": "12301230",
    "user": "sungs"
}

[2021-07-31 22:27:58]--[src_cgi/login_cgi.c:294]--user = sungs, pwd = 12301230
[2021-07-31 22:27:58]--[src_cgi/login_cgi.c:101]--mysql_user = root, mysql_pwd = 12301230, mysql_db = cloud_disk
[2021-07-31 22:27:58]--[src_cgi/login_cgi.c:161]--redis:[ip=10.211.55.11,port=6379]
[2021-07-31 22:27:58]--[src_cgi/login_cgi.c:185]--tmp = sungs435241952328
[2021-07-31 22:27:58]--[src_cgi/login_cgi.c:201]--base64 = R03lZ/+U/xRtINv8zoRrC1SLR+LwC1FL
[2021-07-31 22:27:58]--[src_cgi/login_cgi.c:303]--token = 583ef024d0bba5ac8a6cfaec2180ffb8
[2021-07-31 22:41:37]--[src_cgi/login_cgi.c:288]--buf = {
    "pwd": "12301230",
    "user": "sungs"
}

[2021-07-31 22:41:37]--[src_cgi/login_cgi.c:294]--user = sungs, pwd = 12301230
[2021-07-31 22:41:37]--[src_cgi/login_cgi.c:101]--mysql_user = root, mysql_pwd = 12301230, mysql_db = cloud_disk
[2021-07-31 22:41:37]--[src_cgi/login_cgi.c:161]--redis:[ip=10.211.55.11,port=6379]
[2021-07-31 22:41:37]--[src_cgi/login_cgi.c:185]--tmp = sungs1424714033
[2021-07-31 22:41:37]--[src_cgi/login_cgi.c:201]--base64 = fY4RvjhJuteTzh/7/vQ99w==
[2021-07-31 22:41:37]--[src_cgi/login_cgi.c:303]--token = 364b2c9f2aac7e59adea432f14a545eb
[2021-07-31 22:45:10]--[src_cgi/login_cgi.c:288]--buf = {
    "pwd": "12301230",
    "user": "sungs"
}

[2021-07-31 22:45:10]--[src_cgi/login_cgi.c:294]--user = sungs, pwd = 12301230
[2021-07-31 22:45:10]--[src_cgi/login_cgi.c:101]--mysql_user = root, mysql_pwd = 12301230, mysql_db = cloud_disk
[2021-07-31 22:45:10]--[src_cgi/login_cgi.c:161]--redis:[ip=10.211.55.11,port=6379]
[2021-07-31 22:45:10]--[src_cgi/login_cgi.c:185]--tmp = sungs197693862949
[2021-07-31 22:45:10]--[src_cgi/login_cgi.c:201]--base64 = M5WZ5O6r6Z3EmLtmE7BLCFzqyK7PQug1
[2021-07-31 22:45:10]--[src_cgi/login_cgi.c:303]--token = be6bdeff0fe3e1a433727989d6520aeb
[2021-07-31 22:54:01]--[src_cgi/login_cgi.c:288]--buf = {
    "pwd": "12301230",
    "user": "sungs"
}

[2021-07-31 22:54:01]--[src_cgi/login_cgi.c:294]--user = sungs, pwd = 12301230
[2021-07-31 22:54:01]--[src_cgi/login_cgi.c:101]--mysql_user = root, mysql_pwd = 12301230, mysql_db = cloud_disk
[2021-07-31 22:54:01]--[src_cgi/login_cgi.c:161]--redis:[ip=10.211.55.11,port=6379]
[2021-07-31 22:54:01]--[src_cgi/login_cgi.c:185]--tmp = sungs800600504908
[2021-07-31 22:54:01]--[src_cgi/login_cgi.c:201]--base64 = aFpAdH4j4aczMw8Zxu9hD1SLR+LwC1FL
[2021-07-31 22:54:01]--[src_cgi/login_cgi.c:303]--token = 590ef5df4cf465c8fe4efde9a685d1a7
[2021-07-31 22:56:57]--[src_cgi/login_cgi.c:288]--buf = {
    "pwd": "12301230",
    "user": "sungs"
}

[2021-07-31 22:56:57]--[src_cgi/login_cgi.c:294]--user = sungs, pwd = 12301230
[2021-07-31 22:56:57]--[src_cgi/login_cgi.c:101]--mysql_user = root, mysql_pwd = 12301230, mysql_db = cloud_disk
[2021-07-31 22:56:57]--[src_cgi/login_cgi.c:161]--redis:[ip=10.211.55.11,port=6379]
[2021-07-31 22:56:57]--[src_cgi/login_cgi.c:185]--tmp = sungs2959207336
[2021-07-31 22:56:57]--[src_cgi/login_cgi.c:201]--base64 = 0/4tL+DKROxD7UjxYmF6zg==
[2021-07-31 22:56:57]--[src_cgi/login_cgi.c:303]--token = 090bcb592268f41140ca40f399e5610c
[2021-07-31 23:23:48]--[src_cgi/login_cgi.c:288]--buf = {
    "pwd": "12301230",
    "user": "sungs"
}

[2021-07-31 23:23:48]--[src_cgi/login_cgi.c:294]--user = sungs, pwd = 12301230
[2021-07-31 23:23:48]--[src_cgi/login_cgi.c:101]--mysql_user = root, mysql_pwd = 12301230, mysql_db = cloud_disk
[2021-07-31 23:23:48]--[src_cgi/login_cgi.c:161]--redis:[ip=10.211.55.11,port=6379]
[2021-07-31 23:23:48]--[src_cgi/login_cgi.c:185]--tmp = sungs24296260984
[2021-07-31 23:23:48]--[src_cgi/login_cgi.c:201]--base64 = TIMtN8Typ8/KptECqgMq9y0ZxLNK7pNJ
[2021-07-31 23:23:48]--[src_cgi/login_cgi.c:303]--token = a105a03cd339e021f89856cfb9b16cad
[2021-07-31 23:32:11]--[src_cgi/login_cgi.c:288]--buf = {
    "pwd": "12301230",
    "user": "sungs"
}

[2021-07-31 23:32:11]--[src_cgi/login_cgi.c:294]--user = sungs, pwd = 12301230
[2021-07-31 23:32:11]--[src_cgi/login_cgi.c:101]--mysql_user = root, mysql_pwd = 12301230, mysql_db = cloud_disk
[2021-07-31 23:32:11]--[src_cgi/login_cgi.c:161]--redis:[ip=10.211.55.11,port=6379]
[2021-07-31 23:32:11]--[src_cgi/login_cgi.c:185]--tmp = sungs47279958999
[2021-07-31 23:32:11]--[src_cgi/login_cgi.c:201]--base64 = 7rC/657XvuJKWc2btQD+yC0ZxLNK7pNJ
[2021-07-31 23:32:11]--[src_cgi/login_cgi.c:303]--token = c5358d7019ea97be51a9e0d5ac369376
