[2021-07-27 16:20:54]--[src_cgi/login_cgi.c:288]--buf = {
    "pwd": "123456",
    "user": "zhangyangyang"
}

[2021-07-27 16:20:54]--[src_cgi/login_cgi.c:294]--user = zhangyangyang, pwd = 123456
[2021-07-27 16:20:54]--[src_cgi/login_cgi.c:101]--mysql_user = root, mysql_pwd = 12301230, mysql_db = cloud_disk
[2021-07-27 16:20:54]--[src_cgi/login_cgi.c:161]--redis:[ip=10.211.55.11,port=6379]
[2021-07-27 16:20:54]--[src_cgi/login_cgi.c:185]--tmp = zhangyangyang772409977395
[2021-07-27 16:20:54]--[src_cgi/login_cgi.c:201]--base64 = C5+e+YgSkLu5omMrPvYUFPVLiF5aF5q5b5S37m2tAvY=
[2021-07-27 16:20:54]--[src_cgi/login_cgi.c:303]--token = f418a102a437aad184fbdd9858340bf4
[2021-07-27 17:32:21]--[src_cgi/login_cgi.c:288]--buf = {
    "pwd": "12301230",
    "user": "sungs"
}

[2021-07-27 17:32:21]--[src_cgi/login_cgi.c:294]--user = sungs, pwd = 12301230
[2021-07-27 17:32:21]--[src_cgi/login_cgi.c:101]--mysql_user = root, mysql_pwd = 12301230, mysql_db = cloud_disk
[2021-07-27 17:32:21]--[src_cgi/login_cgi.c:161]--redis:[ip=10.211.55.11,port=6379]
[2021-07-27 17:32:21]--[src_cgi/login_cgi.c:185]--tmp = sungs757950131853
[2021-07-27 17:32:21]--[src_cgi/login_cgi.c:201]--base64 = dX38Eq05ZPUcwX9zSRrnwK7DEUAkWTSv
[2021-07-27 17:32:21]--[src_cgi/login_cgi.c:303]--token = 219a8c8bc9faca80e4cacf1114c6ab4b
[2021-07-27 19:42:47]--[src_cgi/login_cgi.c:288]--buf = {
    "pwd": "12301230",
    "user": "sungs"
}

[2021-07-27 19:42:47]--[src_cgi/login_cgi.c:294]--user = sungs, pwd = 12301230
[2021-07-27 19:42:47]--[src_cgi/login_cgi.c:101]--mysql_user = root, mysql_pwd = 12301230, mysql_db = cloud_disk
[2021-07-27 19:42:47]--[src_cgi/login_cgi.c:161]--redis:[ip=10.211.55.11,port=6379]
[2021-07-27 19:42:47]--[src_cgi/login_cgi.c:185]--tmp = sungs358962182197
[2021-07-27 19:42:47]--[src_cgi/login_cgi.c:201]--base64 = o9OYAldC3HeUZ31+UdAyjfUujTBmz0dF
[2021-07-27 19:42:47]--[src_cgi/login_cgi.c:303]--token = e546632057266eb2445ffde091cc1c85
[2021-07-27 19:45:07]--[src_cgi/login_cgi.c:288]--buf = {"pwd":"123456","user":"sungs"}
[2021-07-27 19:45:07]--[src_cgi/login_cgi.c:294]--user = sungs, pwd = 123456
[2021-07-27 19:45:07]--[src_cgi/login_cgi.c:101]--mysql_user = root, mysql_pwd = 12301230, mysql_db = cloud_disk
[2021-07-27 23:37:32]--[src_cgi/login_cgi.c:288]--buf = {
    "pwd": "12301230",
    "user": "sungs"
}

[2021-07-27 23:37:32]--[src_cgi/login_cgi.c:294]--user = sungs, pwd = 12301230
[2021-07-27 23:37:32]--[src_cgi/login_cgi.c:101]--mysql_user = root, mysql_pwd = 12301230, mysql_db = cloud_disk
[2021-07-27 23:37:32]--[src_cgi/login_cgi.c:161]--redis:[ip=10.211.55.11,port=6379]
[2021-07-27 23:37:32]--[src_cgi/login_cgi.c:185]--tmp = sungs936803180283
[2021-07-27 23:37:32]--[src_cgi/login_cgi.c:201]--base64 = DtLnWgYa20Xr05VH9LRp9a7DEUAkWTSv
[2021-07-27 23:37:32]--[src_cgi/login_cgi.c:303]--token = 4aef455de5522af52dcd4a0389837cf5
